[ 2016-12-18T00:10:10+08:00 ] 101.226.35.225 /favicon.ico
INFO: [ app_init ] --START--
INFO: Run Behavior\BuildLiteBehavior [ RunTime:0.000018s ]
INFO: [ app_init ] --END-- [ RunTime:0.000343s ]
ERR: 无法加载模块:Favicon

[ 2016-12-18T00:10:10+08:00 ] 101.226.35.225 /favicon.ico
INFO: [ app_init ] --START--
INFO: Run Behavior\BuildLiteBehavior [ RunTime:0.000018s ]
INFO: [ app_init ] --END-- [ RunTime:0.000470s ]
ERR: 无法加载模块:Favicon

[ 2016-12-18T00:10:10+08:00 ] 101.226.35.225 /favicon.ico
INFO: [ app_init ] --START--
INFO: Run Behavior\BuildLiteBehavior [ RunTime:0.000013s ]
INFO: [ app_init ] --END-- [ RunTime:0.000264s ]
ERR: 无法加载模块:Favicon

[ 2016-12-18T02:23:57+08:00 ] 52.53.231.218 /data/info.php?lang=en&serv=0&sp=3&corp=0&act=getkey&affid=3&os=Windows%2BXP&id=120D08AF37D232&x64=0
INFO: [ app_init ] --START--
INFO: Run Behavior\BuildLiteBehavior [ RunTime:0.000019s ]
INFO: [ app_init ] --END-- [ RunTime:0.000320s ]
ERR: 无法加载模块:Data

[ 2016-12-18T02:24:06+08:00 ] 52.53.231.218 /your/killing/me/smalls.jpg
INFO: [ app_init ] --START--
INFO: Run Behavior\BuildLiteBehavior [ RunTime:0.000019s ]
INFO: [ app_init ] --END-- [ RunTime:0.000293s ]
ERR: 无法加载模块:Your

[ 2016-12-18T02:28:01+08:00 ] 107.151.148.193 http://www.sbjudge1.com/azenv.php
INFO: [ app_init ] --START--
INFO: Run Behavior\BuildLiteBehavior [ RunTime:0.000021s ]
INFO: [ app_init ] --END-- [ RunTime:0.000327s ]
ERR: 无法加载模块:Azenv

[ 2016-12-18T02:42:38+08:00 ] 13.54.133.255 /main.php?lang=en&serv=0&sp=3&corp=0&act=getkey&affid=3&os=Windows%2BXP&id=120D08AF37D232&x64=0
INFO: [ app_init ] --START--
INFO: Run Behavior\BuildLiteBehavior [ RunTime:0.000019s ]
INFO: [ app_init ] --END-- [ RunTime:0.000266s ]
ERR: 无法加载模块:Main

[ 2016-12-18T02:42:47+08:00 ] 13.54.133.255 /your/killing/me/smalls.jpg
INFO: [ app_init ] --START--
INFO: Run Behavior\BuildLiteBehavior [ RunTime:0.000019s ]
INFO: [ app_init ] --END-- [ RunTime:0.000319s ]
ERR: 无法加载模块:Your

[ 2016-12-18T02:54:27+08:00 ] 54.153.63.74 /submit.php?lang=en&serv=0&sp=3&corp=0&act=getkey&affid=3&os=Windows%2BXP&id=120D08AF37D232&x64=0
INFO: [ app_init ] --START--
INFO: Run Behavior\BuildLiteBehavior [ RunTime:0.000014s ]
INFO: [ app_init ] --END-- [ RunTime:0.000326s ]
ERR: 无法加载模块:Submit

[ 2016-12-18T02:54:29+08:00 ] 52.67.233.184 /apache_handler.php?lang=en&serv=0&sp=3&corp=0&act=getkey&affid=3&os=Windows%2BXP&id=120D08AF37D232&x64=0
INFO: [ app_init ] --START--
INFO: Run Behavior\BuildLiteBehavior [ RunTime:0.000019s ]
INFO: [ app_init ] --END-- [ RunTime:0.000328s ]
ERR: 无法加载模块:Apache_handler

[ 2016-12-18T02:54:36+08:00 ] 54.153.63.74 /your/killing/me/smalls.jpg
INFO: [ app_init ] --START--
INFO: Run Behavior\BuildLiteBehavior [ RunTime:0.000018s ]
INFO: [ app_init ] --END-- [ RunTime:0.000254s ]
ERR: 无法加载模块:Your

[ 2016-12-18T02:54:38+08:00 ] 52.67.233.184 /your/killing/me/smalls.jpg
INFO: [ app_init ] --START--
INFO: Run Behavior\BuildLiteBehavior [ RunTime:0.000028s ]
INFO: [ app_init ] --END-- [ RunTime:0.000319s ]
ERR: 无法加载模块:Your

[ 2016-12-18T03:05:24+08:00 ] 52.78.163.86 /php/upload.php?lang=en&serv=0&sp=3&corp=0&act=getkey&affid=3&os=Windows%2BXP&id=120D08AF37D232&x64=0
INFO: [ app_init ] --START--
INFO: Run Behavior\BuildLiteBehavior [ RunTime:0.000014s ]
INFO: [ app_init ] --END-- [ RunTime:0.000233s ]
ERR: 无法加载模块:Php

[ 2016-12-18T03:05:39+08:00 ] 52.78.163.86 /your/killing/me/smalls.jpg
INFO: [ app_init ] --START--
INFO: Run Behavior\BuildLiteBehavior [ RunTime:0.000013s ]
INFO: [ app_init ] --END-- [ RunTime:0.000228s ]
ERR: 无法加载模块:Your

[ 2016-12-18T03:13:42+08:00 ] 107.151.148.193 http://www.proxy-listen.de/azenv.php
INFO: [ app_init ] --START--
INFO: Run Behavior\BuildLiteBehavior [ RunTime:0.000014s ]
INFO: [ app_init ] --END-- [ RunTime:0.000296s ]
ERR: 无法加载模块:Azenv

[ 2016-12-18T03:28:05+08:00 ] 63.143.57.26 /userinfo.php?lang=en&serv=0&sp=3&corp=0&act=getkey&affid=3&os=Windows%2BXP&id=120D08AF37D232&x64=0
INFO: [ app_init ] --START--
INFO: Run Behavior\BuildLiteBehavior [ RunTime:0.000014s ]
INFO: [ app_init ] --END-- [ RunTime:0.000241s ]
ERR: 无法加载模块:Userinfo

[ 2016-12-18T03:28:14+08:00 ] 63.143.57.26 /your/killing/me/smalls.jpg
INFO: [ app_init ] --START--
INFO: Run Behavior\BuildLiteBehavior [ RunTime:0.000017s ]
INFO: [ app_init ] --END-- [ RunTime:0.000250s ]
ERR: 无法加载模块:Your

[ 2016-12-18T03:45:45+08:00 ] 54.67.34.58 /information.cgi?lang=en&serv=0&sp=3&corp=0&act=getkey&affid=3&os=Windows%2BXP&id=120D08AF37D232&x64=0
INFO: [ app_init ] --START--
INFO: Run Behavior\BuildLiteBehavior [ RunTime:0.000018s ]
INFO: [ app_init ] --END-- [ RunTime:0.000324s ]
ERR: 无法加载模块:Information

[ 2016-12-18T03:45:53+08:00 ] 54.67.34.58 /your/killing/me/smalls.jpg
INFO: [ app_init ] --START--
INFO: Run Behavior\BuildLiteBehavior [ RunTime:0.000019s ]
INFO: [ app_init ] --END-- [ RunTime:0.000365s ]
ERR: 无法加载模块:Your

[ 2016-12-18T03:47:08+08:00 ] 54.153.105.10 /upload/_dispatch.php?lang=en&serv=0&sp=3&corp=0&act=getkey&affid=3&os=Windows%2BXP&id=120D08AF37D232&x64=0
INFO: [ app_init ] --START--
INFO: Run Behavior\BuildLiteBehavior [ RunTime:0.000018s ]
INFO: [ app_init ] --END-- [ RunTime:0.000335s ]
ERR: 无法加载模块:Upload

[ 2016-12-18T03:47:17+08:00 ] 54.153.105.10 /your/killing/me/smalls.jpg
INFO: [ app_init ] --START--
INFO: Run Behavior\BuildLiteBehavior [ RunTime:0.000017s ]
INFO: [ app_init ] --END-- [ RunTime:0.000337s ]
ERR: 无法加载模块:Your

[ 2016-12-18T04:03:57+08:00 ] 52.212.253.150 /linuxsucks.php?lang=en&serv=0&sp=3&corp=0&act=getkey&affid=3&os=Windows%2BXP&id=120D08AF37D232&x64=0
INFO: [ app_init ] --START--
INFO: Run Behavior\BuildLiteBehavior [ RunTime:0.000021s ]
INFO: [ app_init ] --END-- [ RunTime:0.000348s ]
ERR: 无法加载模块:Linuxsucks

[ 2016-12-18T04:04:04+08:00 ] 52.212.253.150 /your/killing/me/smalls.jpg
INFO: [ app_init ] --START--
INFO: Run Behavior\BuildLiteBehavior [ RunTime:0.000020s ]
INFO: [ app_init ] --END-- [ RunTime:0.000496s ]
ERR: 无法加载模块:Your

[ 2016-12-18T04:23:08+08:00 ] 35.156.201.18 /message.php?lang=en&serv=0&sp=3&corp=0&act=getkey&affid=3&os=Windows%2BXP&id=120D08AF37D232&x64=0
INFO: [ app_init ] --START--
INFO: Run Behavior\BuildLiteBehavior [ RunTime:0.000014s ]
INFO: [ app_init ] --END-- [ RunTime:0.000243s ]
ERR: 无法加载模块:Message

[ 2016-12-18T04:23:17+08:00 ] 35.156.201.18 /your/killing/me/smalls.jpg
INFO: [ app_init ] --START--
INFO: Run Behavior\BuildLiteBehavior [ RunTime:0.000018s ]
INFO: [ app_init ] --END-- [ RunTime:0.000296s ]
ERR: 无法加载模块:Your

[ 2016-12-18T04:48:52+08:00 ] 185.93.1.58 /recordings/LICENSE.txt
INFO: [ app_init ] --START--
INFO: Run Behavior\BuildLiteBehavior [ RunTime:0.000013s ]
INFO: [ app_init ] --END-- [ RunTime:0.000266s ]
ERR: 无法加载模块:Recordings

[ 2016-12-18T05:38:58+08:00 ] 107.151.148.193 http://www.proxyjudge.info/azenv.php
INFO: [ app_init ] --START--
INFO: Run Behavior\BuildLiteBehavior [ RunTime:0.000019s ]
INFO: [ app_init ] --END-- [ RunTime:0.000314s ]
ERR: 无法加载模块:Azenv

[ 2016-12-18T06:14:56+08:00 ] 101.226.51.227 /information.cgi?lang%3Den%26serv%3D0%26sp%3D3%26corp%3D0%26act%3Dgetkey%26affid%3D3%26os%3DWindows%252BXP%26id%3D120D08AF37D232%26x64%3D0
INFO: [ app_init ] --START--
INFO: Run Behavior\BuildLiteBehavior [ RunTime:0.000013s ]
INFO: [ app_init ] --END-- [ RunTime:0.000232s ]
ERR: 无法加载模块:Information

[ 2016-12-18T06:23:16+08:00 ] 180.153.214.192 /upload/_dispatch.php?lang%3Den%26serv%3D0%26sp%3D3%26corp%3D0%26act%3Dgetkey%26affid%3D3%26os%3DWindows%252BXP%26id%3D120D08AF37D232%26x64%3D0
INFO: [ app_init ] --START--
INFO: Run Behavior\BuildLiteBehavior [ RunTime:0.000019s ]
INFO: [ app_init ] --END-- [ RunTime:0.000343s ]
ERR: 无法加载模块:Upload

[ 2016-12-18T06:23:28+08:00 ] 119.7.79.154 /upload/_dispatch.php?lang%3Den%26serv%3D0%26sp%3D3%26corp%3D0%26act%3Dgetkey%26affid%3D3%26os%3DWindows%252BXP%26id%3D120D08AF37D232%26x64%3D0
INFO: [ app_init ] --START--
INFO: Run Behavior\BuildLiteBehavior [ RunTime:0.000020s ]
INFO: [ app_init ] --END-- [ RunTime:0.000343s ]
ERR: 无法加载模块:Upload

[ 2016-12-18T06:59:46+08:00 ] 27.151.29.233 /phpmyadmin
INFO: [ app_init ] --START--
INFO: Run Behavior\BuildLiteBehavior [ RunTime:0.000020s ]
INFO: [ app_init ] --END-- [ RunTime:0.000355s ]
ERR: 无法加载模块:Phpmyadmin

[ 2016-12-18T07:01:10+08:00 ] 101.226.33.205 /apache_handler.php?lang%3Den%26serv%3D0%26sp%3D3%26corp%3D0%26act%3Dgetkey%26affid%3D3%26os%3DWindows%252BXP%26id%3D120D08AF37D232%26x64%3D0
INFO: [ app_init ] --START--
INFO: Run Behavior\BuildLiteBehavior [ RunTime:0.000019s ]
INFO: [ app_init ] --END-- [ RunTime:0.000324s ]
ERR: 无法加载模块:Apache_handler

[ 2016-12-18T07:01:22+08:00 ] 150.255.191.119 /apache_handler.php?lang%3Den%26serv%3D0%26sp%3D3%26corp%3D0%26act%3Dgetkey%26affid%3D3%26os%3DWindows%252BXP%26id%3D120D08AF37D232%26x64%3D0
INFO: [ app_init ] --START--
INFO: Run Behavior\BuildLiteBehavior [ RunTime:0.000018s ]
INFO: [ app_init ] --END-- [ RunTime:0.000339s ]
ERR: 无法加载模块:Apache_handler

[ 2016-12-18T07:21:41+08:00 ] 212.47.246.179 http://www.baidu.com/cache/global/img/gs.gif
INFO: [ app_init ] --START--
INFO: Run Behavior\BuildLiteBehavior [ RunTime:0.000019s ]
INFO: [ app_init ] --END-- [ RunTime:0.000356s ]
ERR: 无法加载模块:Cache

[ 2016-12-18T07:24:49+08:00 ] 107.151.148.193 http://www.sbjudge3.com/azenv.php
INFO: [ app_init ] --START--
INFO: Run Behavior\BuildLiteBehavior [ RunTime:0.000017s ]
INFO: [ app_init ] --END-- [ RunTime:0.000314s ]
ERR: 无法加载模块:Azenv

[ 2016-12-18T07:55:46+08:00 ] 140.207.185.107 /linuxsucks.php?lang%3Den%26serv%3D0%26sp%3D3%26corp%3D0%26act%3Dgetkey%26affid%3D3%26os%3DWindows%252BXP%26id%3D120D08AF37D232%26x64%3D0
INFO: [ app_init ] --START--
INFO: Run Behavior\BuildLiteBehavior [ RunTime:0.000019s ]
INFO: [ app_init ] --END-- [ RunTime:0.000346s ]
ERR: 无法加载模块:Linuxsucks

[ 2016-12-18T08:03:43+08:00 ] 101.226.65.104 /main.php?lang%3Den%26serv%3D0%26sp%3D3%26corp%3D0%26act%3Dgetkey%26affid%3D3%26os%3DWindows%252BXP%26id%3D120D08AF37D232%26x64%3D0
INFO: [ app_init ] --START--
INFO: Run Behavior\BuildLiteBehavior [ RunTime:0.000020s ]
INFO: [ app_init ] --END-- [ RunTime:0.000316s ]
ERR: 无法加载模块:Main

[ 2016-12-18T08:03:55+08:00 ] 163.204.88.155 /main.php?lang%3Den%26serv%3D0%26sp%3D3%26corp%3D0%26act%3Dgetkey%26affid%3D3%26os%3DWindows%252BXP%26id%3D120D08AF37D232%26x64%3D0
INFO: [ app_init ] --START--
INFO: Run Behavior\BuildLiteBehavior [ RunTime:0.000013s ]
INFO: [ app_init ] --END-- [ RunTime:0.000247s ]
ERR: 无法加载模块:Main

[ 2016-12-18T08:07:55+08:00 ] 101.226.51.227 /message.php?lang%3Den%26serv%3D0%26sp%3D3%26corp%3D0%26act%3Dgetkey%26affid%3D3%26os%3DWindows%252BXP%26id%3D120D08AF37D232%26x64%3D0
INFO: [ app_init ] --START--
INFO: Run Behavior\BuildLiteBehavior [ RunTime:0.000020s ]
INFO: [ app_init ] --END-- [ RunTime:0.000378s ]
ERR: 无法加载模块:Message

[ 2016-12-18T08:10:17+08:00 ] 180.153.211.190 /data/info.php?lang%3Den%26serv%3D0%26sp%3D3%26corp%3D0%26act%3Dgetkey%26affid%3D3%26os%3DWindows%252BXP%26id%3D120D08AF37D232%26x64%3D0
INFO: [ app_init ] --START--
INFO: Run Behavior\BuildLiteBehavior [ RunTime:0.000018s ]
INFO: [ app_init ] --END-- [ RunTime:0.000357s ]
ERR: 无法加载模块:Data

[ 2016-12-18T08:10:31+08:00 ] 117.94.15.40 /data/info.php?lang%3Den%26serv%3D0%26sp%3D3%26corp%3D0%26act%3Dgetkey%26affid%3D3%26os%3DWindows%252BXP%26id%3D120D08AF37D232%26x64%3D0
INFO: [ app_init ] --START--
INFO: Run Behavior\BuildLiteBehavior [ RunTime:0.000018s ]
INFO: [ app_init ] --END-- [ RunTime:0.000308s ]
ERR: 无法加载模块:Data

[ 2016-12-18T09:02:15+08:00 ] 180.153.214.182 /submit.php?lang%3Den%26serv%3D0%26sp%3D3%26corp%3D0%26act%3Dgetkey%26affid%3D3%26os%3DWindows%252BXP%26id%3D120D08AF37D232%26x64%3D0
INFO: [ app_init ] --START--
INFO: Run Behavior\BuildLiteBehavior [ RunTime:0.000027s ]
INFO: [ app_init ] --END-- [ RunTime:0.000468s ]
ERR: 无法加载模块:Submit

[ 2016-12-18T09:02:29+08:00 ] 117.94.15.40 /submit.php?lang%3Den%26serv%3D0%26sp%3D3%26corp%3D0%26act%3Dgetkey%26affid%3D3%26os%3DWindows%252BXP%26id%3D120D08AF37D232%26x64%3D0
INFO: [ app_init ] --START--
INFO: Run Behavior\BuildLiteBehavior [ RunTime:0.000017s ]
INFO: [ app_init ] --END-- [ RunTime:0.000328s ]
ERR: 无法加载模块:Submit

[ 2016-12-18T09:46:52+08:00 ] 180.153.205.253 /userinfo.php?lang%3Den%26serv%3D0%26sp%3D3%26corp%3D0%26act%3Dgetkey%26affid%3D3%26os%3DWindows%252BXP%26id%3D120D08AF37D232%26x64%3D0
INFO: [ app_init ] --START--
INFO: Run Behavior\BuildLiteBehavior [ RunTime:0.000018s ]
INFO: [ app_init ] --END-- [ RunTime:0.000305s ]
ERR: 无法加载模块:Userinfo

[ 2016-12-18T09:47:40+08:00 ] 101.226.35.225 /favicon.ico
INFO: [ app_init ] --START--
INFO: Run Behavior\BuildLiteBehavior [ RunTime:0.000014s ]
INFO: [ app_init ] --END-- [ RunTime:0.000232s ]
ERR: 无法加载模块:Favicon

[ 2016-12-18T09:47:40+08:00 ] 101.226.35.225 /favicon.ico
INFO: [ app_init ] --START--
INFO: Run Behavior\BuildLiteBehavior [ RunTime:0.000018s ]
INFO: [ app_init ] --END-- [ RunTime:0.000328s ]
ERR: 无法加载模块:Favicon

[ 2016-12-18T09:47:40+08:00 ] 101.226.35.225 /favicon.ico
INFO: [ app_init ] --START--
INFO: Run Behavior\BuildLiteBehavior [ RunTime:0.000013s ]
INFO: [ app_init ] --END-- [ RunTime:0.000250s ]
ERR: 无法加载模块:Favicon

[ 2016-12-18T10:23:41+08:00 ] 107.151.148.193 http://www.sbjudge2.com/azenv.php
INFO: [ app_init ] --START--
INFO: Run Behavior\BuildLiteBehavior [ RunTime:0.000014s ]
INFO: [ app_init ] --END-- [ RunTime:0.000241s ]
ERR: 无法加载模块:Azenv

[ 2016-12-18T10:23:46+08:00 ] 180.153.206.17 /php/upload.php?lang%3Den%26serv%3D0%26sp%3D3%26corp%3D0%26act%3Dgetkey%26affid%3D3%26os%3DWindows%252BXP%26id%3D120D08AF37D232%26x64%3D0
INFO: [ app_init ] --START--
INFO: Run Behavior\BuildLiteBehavior [ RunTime:0.000021s ]
INFO: [ app_init ] --END-- [ RunTime:0.000472s ]
ERR: 无法加载模块:Php

[ 2016-12-18T10:51:16+08:00 ] 180.153.214.176 /information.cgi?lang%253Den%2526serv%253D0%2526sp%253D3%2526corp%253D0%2526act%253Dgetkey%2526affid%253D3%2526os%253DWindows%25252BXP%2526id%253D120D08AF37D232%2526x64%253D0
INFO: [ app_init ] --START--
INFO: Run Behavior\BuildLiteBehavior [ RunTime:0.000012s ]
INFO: [ app_init ] --END-- [ RunTime:0.000230s ]
ERR: 无法加载模块:Information

[ 2016-12-18T11:19:27+08:00 ] 101.226.64.177 /linuxsucks.php?lang%253Den%2526serv%253D0%2526sp%253D3%2526corp%253D0%2526act%253Dgetkey%2526affid%253D3%2526os%253DWindows%25252BXP%2526id%253D120D08AF37D232%2526x64%253D0
INFO: [ app_init ] --START--
INFO: Run Behavior\BuildLiteBehavior [ RunTime:0.000019s ]
INFO: [ app_init ] --END-- [ RunTime:0.000338s ]
ERR: 无法加载模块:Linuxsucks

[ 2016-12-18T11:28:53+08:00 ] 80.82.78.38 http://www.baidu.com/cache/global/img/gs.gif
INFO: [ app_init ] --START--
INFO: Run Behavior\BuildLiteBehavior [ RunTime:0.000014s ]
INFO: [ app_init ] --END-- [ RunTime:0.000301s ]
ERR: 无法加载模块:Cache

[ 2016-12-18T11:54:16+08:00 ] 107.151.148.193 http://www.sbjudge2.com/azenv.php
INFO: [ app_init ] --START--
INFO: Run Behavior\BuildLiteBehavior [ RunTime:0.000018s ]
INFO: [ app_init ] --END-- [ RunTime:0.000331s ]
ERR: 无法加载模块:Azenv

[ 2016-12-18T12:33:00+08:00 ] 101.226.33.223 /data/info.php?lang%253Den%2526serv%253D0%2526sp%253D3%2526corp%253D0%2526act%253Dgetkey%2526affid%253D3%2526os%253DWindows%25252BXP%2526id%253D120D08AF37D232%2526x64%253D0
INFO: [ app_init ] --START--
INFO: Run Behavior\BuildLiteBehavior [ RunTime:0.000126s ]
INFO: [ app_init ] --END-- [ RunTime:0.000473s ]
ERR: 无法加载模块:Data

[ 2016-12-18T12:33:12+08:00 ] 139.199.168.75 /data/info.php?lang%253Den%2526serv%253D0%2526sp%253D3%2526corp%253D0%2526act%253Dgetkey%2526affid%253D3%2526os%253DWindows%25252BXP%2526id%253D120D08AF37D232%2526x64%253D0
INFO: [ app_init ] --START--
INFO: Run Behavior\BuildLiteBehavior [ RunTime:0.000019s ]
INFO: [ app_init ] --END-- [ RunTime:0.000373s ]
ERR: 无法加载模块:Data

[ 2016-12-18T13:01:23+08:00 ] 180.153.212.13 /apache_handler.php?lang%253Den%2526serv%253D0%2526sp%253D3%2526corp%253D0%2526act%253Dgetkey%2526affid%253D3%2526os%253DWindows%25252BXP%2526id%253D120D08AF37D232%2526x64%253D0
INFO: [ app_init ] --START--
INFO: Run Behavior\BuildLiteBehavior [ RunTime:0.000021s ]
INFO: [ app_init ] --END-- [ RunTime:0.000305s ]
ERR: 无法加载模块:Apache_handler

[ 2016-12-18T13:09:58+08:00 ] 180.153.206.22 /submit.php?lang%253Den%2526serv%253D0%2526sp%253D3%2526corp%253D0%2526act%253Dgetkey%2526affid%253D3%2526os%253DWindows%25252BXP%2526id%253D120D08AF37D232%2526x64%253D0
INFO: [ app_init ] --START--
INFO: Run Behavior\BuildLiteBehavior [ RunTime:0.000023s ]
INFO: [ app_init ] --END-- [ RunTime:0.000333s ]
ERR: 无法加载模块:Submit

[ 2016-12-18T13:10:06+08:00 ] 101.226.33.221 /main.php?lang%253Den%2526serv%253D0%2526sp%253D3%2526corp%253D0%2526act%253Dgetkey%2526affid%253D3%2526os%253DWindows%25252BXP%2526id%253D120D08AF37D232%2526x64%253D0
INFO: [ app_init ] --START--
INFO: Run Behavior\BuildLiteBehavior [ RunTime:0.000018s ]
INFO: [ app_init ] --END-- [ RunTime:0.000346s ]
ERR: 无法加载模块:Main

[ 2016-12-18T13:10:18+08:00 ] 119.5.1.18 /main.php?lang%253Den%2526serv%253D0%2526sp%253D3%2526corp%253D0%2526act%253Dgetkey%2526affid%253D3%2526os%253DWindows%25252BXP%2526id%253D120D08AF37D232%2526x64%253D0
INFO: [ app_init ] --START--
INFO: Run Behavior\BuildLiteBehavior [ RunTime:0.000019s ]
INFO: [ app_init ] --END-- [ RunTime:0.000355s ]
ERR: 无法加载模块:Main

[ 2016-12-18T13:11:15+08:00 ] 101.226.125.111 /userinfo.php?lang%253Den%2526serv%253D0%2526sp%253D3%2526corp%253D0%2526act%253Dgetkey%2526affid%253D3%2526os%253DWindows%25252BXP%2526id%253D120D08AF37D232%2526x64%253D0
INFO: [ app_init ] --START--
INFO: Run Behavior\BuildLiteBehavior [ RunTime:0.000015s ]
INFO: [ app_init ] --END-- [ RunTime:0.000265s ]
ERR: 无法加载模块:Userinfo

[ 2016-12-18T13:11:26+08:00 ] 175.155.228.73 /userinfo.php?lang%253Den%2526serv%253D0%2526sp%253D3%2526corp%253D0%2526act%253Dgetkey%2526affid%253D3%2526os%253DWindows%25252BXP%2526id%253D120D08AF37D232%2526x64%253D0
INFO: [ app_init ] --START--
INFO: Run Behavior\BuildLiteBehavior [ RunTime:0.000018s ]
INFO: [ app_init ] --END-- [ RunTime:0.000351s ]
ERR: 无法加载模块:Userinfo

[ 2016-12-18T13:14:04+08:00 ] 107.151.148.193 http://www.proxyjudge.info/azenv.php
INFO: [ app_init ] --START--
INFO: Run Behavior\BuildLiteBehavior [ RunTime:0.000020s ]
INFO: [ app_init ] --END-- [ RunTime:0.000453s ]
ERR: 无法加载模块:Azenv

[ 2016-12-18T13:16:04+08:00 ] 180.153.214.152 /message.php?lang%253Den%2526serv%253D0%2526sp%253D3%2526corp%253D0%2526act%253Dgetkey%2526affid%253D3%2526os%253DWindows%25252BXP%2526id%253D120D08AF37D232%2526x64%253D0
INFO: [ app_init ] --START--
INFO: Run Behavior\BuildLiteBehavior [ RunTime:0.000017s ]
INFO: [ app_init ] --END-- [ RunTime:0.000314s ]
ERR: 无法加载模块:Message

[ 2016-12-18T13:16:22+08:00 ] 27.47.88.236 /message.php?lang%253Den%2526serv%253D0%2526sp%253D3%2526corp%253D0%2526act%253Dgetkey%2526affid%253D3%2526os%253DWindows%25252BXP%2526id%253D120D08AF37D232%2526x64%253D0
INFO: [ app_init ] --START--
INFO: Run Behavior\BuildLiteBehavior [ RunTime:0.000017s ]
INFO: [ app_init ] --END-- [ RunTime:0.000307s ]
ERR: 无法加载模块:Message

[ 2016-12-18T13:19:31+08:00 ] 101.226.99.197 /upload/_dispatch.php?lang%253Den%2526serv%253D0%2526sp%253D3%2526corp%253D0%2526act%253Dgetkey%2526affid%253D3%2526os%253DWindows%25252BXP%2526id%253D120D08AF37D232%2526x64%253D0
INFO: [ app_init ] --START--
INFO: Run Behavior\BuildLiteBehavior [ RunTime:0.000013s ]
INFO: [ app_init ] --END-- [ RunTime:0.000225s ]
ERR: 无法加载模块:Upload

[ 2016-12-18T13:43:58+08:00 ] 101.226.35.225 /favicon.ico
INFO: [ app_init ] --START--
INFO: Run Behavior\BuildLiteBehavior [ RunTime:0.000017s ]
INFO: [ app_init ] --END-- [ RunTime:0.000290s ]
ERR: 无法加载模块:Favicon

[ 2016-12-18T13:43:58+08:00 ] 101.226.35.225 /favicon.ico
INFO: [ app_init ] --START--
INFO: Run Behavior\BuildLiteBehavior [ RunTime:0.000021s ]
INFO: [ app_init ] --END-- [ RunTime:0.000376s ]
ERR: 无法加载模块:Favicon

[ 2016-12-18T13:43:59+08:00 ] 101.226.35.225 /favicon.ico
INFO: [ app_init ] --START--
INFO: Run Behavior\BuildLiteBehavior [ RunTime:0.000021s ]
INFO: [ app_init ] --END-- [ RunTime:0.000344s ]
ERR: 无法加载模块:Favicon

[ 2016-12-18T14:01:39+08:00 ] 180.153.205.252 /php/upload.php?lang%253Den%2526serv%253D0%2526sp%253D3%2526corp%253D0%2526act%253Dgetkey%2526affid%253D3%2526os%253DWindows%25252BXP%2526id%253D120D08AF37D232%2526x64%253D0
INFO: [ app_init ] --START--
INFO: Run Behavior\BuildLiteBehavior [ RunTime:0.000014s ]
INFO: [ app_init ] --END-- [ RunTime:0.000253s ]
ERR: 无法加载模块:Php

[ 2016-12-18T15:10:36+08:00 ] 107.151.148.193 http://www.sbjudge2.com/azenv.php
INFO: [ app_init ] --START--
INFO: Run Behavior\BuildLiteBehavior [ RunTime:0.000041s ]
INFO: [ app_init ] --END-- [ RunTime:0.000364s ]
ERR: 无法加载模块:Azenv

[ 2016-12-18T15:11:48+08:00 ] 140.207.185.112 /data/info.php?lang%25253Den%252526serv%25253D0%252526sp%25253D3%252526corp%25253D0%252526act%25253Dgetkey%252526affid%25253D3%252526os%25253DWindows%2525252BXP%252526id%25253D120D08AF37D232%252526x64%25253D0
INFO: [ app_init ] --START--
INFO: Run Behavior\BuildLiteBehavior [ RunTime:0.000019s ]
INFO: [ app_init ] --END-- [ RunTime:0.000299s ]
ERR: 无法加载模块:Data

[ 2016-12-18T16:27:36+08:00 ] 101.226.66.180 /upload/_dispatch.php?lang%25253Den%252526serv%25253D0%252526sp%25253D3%252526corp%25253D0%252526act%25253Dgetkey%252526affid%25253D3%252526os%25253DWindows%2525252BXP%252526id%25253D120D08AF37D232%252526x64%25253D0
INFO: [ app_init ] --START--
INFO: Run Behavior\BuildLiteBehavior [ RunTime:0.000019s ]
INFO: [ app_init ] --END-- [ RunTime:0.000311s ]
ERR: 无法加载模块:Upload

[ 2016-12-18T16:29:12+08:00 ] 101.226.33.240 /main.php?lang%25253Den%252526serv%25253D0%252526sp%25253D3%252526corp%25253D0%252526act%25253Dgetkey%252526affid%25253D3%252526os%25253DWindows%2525252BXP%252526id%25253D120D08AF37D232%252526x64%25253D0
INFO: [ app_init ] --START--
INFO: Run Behavior\BuildLiteBehavior [ RunTime:0.000018s ]
INFO: [ app_init ] --END-- [ RunTime:0.000339s ]
ERR: 无法加载模块:Main

[ 2016-12-18T17:03:44+08:00 ] 107.151.148.193 http://www.proxyjudge.info/azenv.php
INFO: [ app_init ] --START--
INFO: Run Behavior\BuildLiteBehavior [ RunTime:0.000021s ]
INFO: [ app_init ] --END-- [ RunTime:0.000485s ]
ERR: 无法加载模块:Azenv

[ 2016-12-18T17:04:10+08:00 ] 107.151.148.193 http://www.proxy-listen.de/azenv.php
INFO: [ app_init ] --START--
INFO: Run Behavior\BuildLiteBehavior [ RunTime:0.000016s ]
INFO: [ app_init ] --END-- [ RunTime:0.000320s ]
ERR: 无法加载模块:Azenv

[ 2016-12-18T17:17:08+08:00 ] 180.153.206.16 /userinfo.php?lang%25253Den%252526serv%25253D0%252526sp%25253D3%252526corp%25253D0%252526act%25253Dgetkey%252526affid%25253D3%252526os%25253DWindows%2525252BXP%252526id%25253D120D08AF37D232%252526x64%25253D0
INFO: [ app_init ] --START--
INFO: Run Behavior\BuildLiteBehavior [ RunTime:0.000014s ]
INFO: [ app_init ] --END-- [ RunTime:0.000284s ]
ERR: 无法加载模块:Userinfo

[ 2016-12-18T17:17:20+08:00 ] 123.207.36.151 /userinfo.php?lang%25253Den%252526serv%25253D0%252526sp%25253D3%252526corp%25253D0%252526act%25253Dgetkey%252526affid%25253D3%252526os%25253DWindows%2525252BXP%252526id%25253D120D08AF37D232%252526x64%25253D0
INFO: [ app_init ] --START--
INFO: Run Behavior\BuildLiteBehavior [ RunTime:0.000016s ]
INFO: [ app_init ] --END-- [ RunTime:0.000342s ]
ERR: 无法加载模块:Userinfo

[ 2016-12-18T18:08:12+08:00 ] 101.226.68.197 /submit.php?lang%25253Den%252526serv%25253D0%252526sp%25253D3%252526corp%25253D0%252526act%25253Dgetkey%252526affid%25253D3%252526os%25253DWindows%2525252BXP%252526id%25253D120D08AF37D232%252526x64%25253D0
INFO: [ app_init ] --START--
INFO: Run Behavior\BuildLiteBehavior [ RunTime:0.000030s ]
INFO: [ app_init ] --END-- [ RunTime:0.000316s ]
ERR: 无法加载模块:Submit

[ 2016-12-18T18:14:26+08:00 ] 180.153.206.17 /apache_handler.php?lang%25253Den%252526serv%25253D0%252526sp%25253D3%252526corp%25253D0%252526act%25253Dgetkey%252526affid%25253D3%252526os%25253DWindows%2525252BXP%252526id%25253D120D08AF37D232%252526x64%25253D0
INFO: [ app_init ] --START--
INFO: Run Behavior\BuildLiteBehavior [ RunTime:0.000012s ]
INFO: [ app_init ] --END-- [ RunTime:0.000208s ]
ERR: 无法加载模块:Apache_handler

[ 2016-12-18T18:19:12+08:00 ] 101.226.65.104 /message.php?lang%25253Den%252526serv%25253D0%252526sp%25253D3%252526corp%25253D0%252526act%25253Dgetkey%252526affid%25253D3%252526os%25253DWindows%2525252BXP%252526id%25253D120D08AF37D232%252526x64%25253D0
INFO: [ app_init ] --START--
INFO: Run Behavior\BuildLiteBehavior [ RunTime:0.000021s ]
INFO: [ app_init ] --END-- [ RunTime:0.000334s ]
ERR: 无法加载模块:Message

[ 2016-12-18T18:19:12+08:00 ] 101.226.51.229 /message.php?lang%25253Den%252526serv%25253D0%252526sp%25253D3%252526corp%25253D0%252526act%25253Dgetkey%252526affid%25253D3%252526os%25253DWindows%2525252BXP%252526id%25253D120D08AF37D232%252526x64%25253D0
INFO: [ app_init ] --START--
INFO: Run Behavior\BuildLiteBehavior [ RunTime:0.000013s ]
INFO: [ app_init ] --END-- [ RunTime:0.000254s ]
ERR: 无法加载模块:Message

[ 2016-12-18T18:19:12+08:00 ] 61.151.228.22 /message.php?lang%25253Den%252526serv%25253D0%252526sp%25253D3%252526corp%25253D0%252526act%25253Dgetkey%252526affid%25253D3%252526os%25253DWindows%2525252BXP%252526id%25253D120D08AF37D232%252526x64%25253D0
INFO: [ app_init ] --START--
INFO: Run Behavior\BuildLiteBehavior [ RunTime:0.000013s ]
INFO: [ app_init ] --END-- [ RunTime:0.000201s ]
ERR: 无法加载模块:Message

[ 2016-12-18T18:19:12+08:00 ] 101.226.33.216 /message.php?lang%25253Den%252526serv%25253D0%252526sp%25253D3%252526corp%25253D0%252526act%25253Dgetkey%252526affid%25253D3%252526os%25253DWindows%2525252BXP%252526id%25253D120D08AF37D232%252526x64%25253D0
INFO: [ app_init ] --START--
INFO: Run Behavior\BuildLiteBehavior [ RunTime:0.000019s ]
INFO: [ app_init ] --END-- [ RunTime:0.003336s ]
ERR: 无法加载模块:Message

[ 2016-12-18T19:02:08+08:00 ] 219.133.49.231 http://10.177.152.217/proxy.html
INFO: [ app_init ] --START--
INFO: Run Behavior\BuildLiteBehavior [ RunTime:0.000014s ]
INFO: [ app_init ] --END-- [ RunTime:0.000235s ]
ERR: 无法加载模块:Proxy

[ 2016-12-18T19:12:23+08:00 ] 107.151.148.193 http://www.proxyjudge.info/azenv.php
INFO: [ app_init ] --START--
INFO: Run Behavior\BuildLiteBehavior [ RunTime:0.000017s ]
INFO: [ app_init ] --END-- [ RunTime:0.000372s ]
ERR: 无法加载模块:Azenv

[ 2016-12-18T20:06:39+08:00 ] 180.153.214.152 /php/upload.php?lang%25253Den%252526serv%25253D0%252526sp%25253D3%252526corp%25253D0%252526act%25253Dgetkey%252526affid%25253D3%252526os%25253DWindows%2525252BXP%252526id%25253D120D08AF37D232%252526x64%25253D0
INFO: [ app_init ] --START--
INFO: Run Behavior\BuildLiteBehavior [ RunTime:0.000021s ]
INFO: [ app_init ] --END-- [ RunTime:0.000350s ]
ERR: 无法加载模块:Php

[ 2016-12-18T22:28:14+08:00 ] 107.151.148.193 http://www.sbjudge1.com/azenv.php
INFO: [ app_init ] --START--
INFO: Run Behavior\BuildLiteBehavior [ RunTime:0.000013s ]
INFO: [ app_init ] --END-- [ RunTime:0.000240s ]
ERR: 无法加载模块:Azenv

[ 2016-12-18T23:32:57+08:00 ] 107.151.148.193 http://www.proxyjudge.info/azenv.php
INFO: [ app_init ] --START--
INFO: Run Behavior\BuildLiteBehavior [ RunTime:0.000016s ]
INFO: [ app_init ] --END-- [ RunTime:0.000296s ]
ERR: 无法加载模块:Azenv

[ 2016-12-18T23:38:18+08:00 ] 101.226.35.225 /favicon.ico
INFO: [ app_init ] --START--
INFO: Run Behavior\BuildLiteBehavior [ RunTime:0.000026s ]
INFO: [ app_init ] --END-- [ RunTime:0.000238s ]
ERR: 无法加载模块:Favicon

[ 2016-12-18T23:38:18+08:00 ] 101.226.35.225 /favicon.ico
INFO: [ app_init ] --START--
INFO: Run Behavior\BuildLiteBehavior [ RunTime:0.000019s ]
INFO: [ app_init ] --END-- [ RunTime:0.000347s ]
ERR: 无法加载模块:Favicon

[ 2016-12-18T23:38:18+08:00 ] 101.226.35.225 /favicon.ico
INFO: [ app_init ] --START--
INFO: Run Behavior\BuildLiteBehavior [ RunTime:0.000014s ]
INFO: [ app_init ] --END-- [ RunTime:0.000270s ]
ERR: 无法加载模块:Favicon

[ 2016-12-18T23:45:01+08:00 ] 42.232.128.67 http://rio.6rooms.com/live/
INFO: [ app_init ] --START--
INFO: Run Behavior\BuildLiteBehavior [ RunTime:0.000019s ]
INFO: [ app_init ] --END-- [ RunTime:0.000319s ]
ERR: 无法加载模块:Live

