[ 2016-12-05T14:19:56+08:00 ] 127.0.0.1 /admin/news/view
INFO: [ app_init ] --START--
INFO: Run Behavior\BuildLiteBehavior [ RunTime:0.000022s ]
INFO: [ app_init ] --END-- [ RunTime:0.028293s ]
INFO: [ app_begin ] --START--
INFO: Run Behavior\ReadHtmlCacheBehavior [ RunTime:0.017060s ]
INFO: [ app_begin ] --END-- [ RunTime:0.017142s ]
NOTIC: [2048] Declaration of Admin\Controller\NewsController::show() should be compatible with Think\Controller::show($content, $charset = '', $contentType = '', $prefix = '') D:\wamp64\www\github\code\php_xiaolian\Application\Admin\Controller\NewsController.class.php 第 12 行.
NOTIC: [8] Undefined index: authid D:\wamp64\www\github\code\php_xiaolian\ThinkPHP\Library\Org\Util\Rbac.class.php 第 163 行.

[ 2016-12-05T14:20:41+08:00 ] 127.0.0.1 /admin/news/view
INFO: [ app_init ] --START--
INFO: Run Behavior\BuildLiteBehavior [ RunTime:0.000015s ]
INFO: [ app_init ] --END-- [ RunTime:0.000406s ]
INFO: [ app_begin ] --START--
INFO: Run Behavior\ReadHtmlCacheBehavior [ RunTime:0.000443s ]
INFO: [ app_begin ] --END-- [ RunTime:0.000493s ]
NOTIC: [2048] Declaration of Admin\Controller\NewsController::show() should be compatible with Think\Controller::show($content, $charset = '', $contentType = '', $prefix = '') D:\wamp64\www\github\code\php_xiaolian\Application\Admin\Controller\NewsController.class.php 第 12 行.
NOTIC: [8] Undefined index: authid D:\wamp64\www\github\code\php_xiaolian\ThinkPHP\Library\Org\Util\Rbac.class.php 第 163 行.

[ 2016-12-05T14:24:19+08:00 ] 127.0.0.1 /admin/news/view
INFO: [ app_init ] --START--
INFO: Run Behavior\BuildLiteBehavior [ RunTime:0.000014s ]
INFO: [ app_init ] --END-- [ RunTime:0.000349s ]
INFO: [ app_begin ] --START--
INFO: Run Behavior\ReadHtmlCacheBehavior [ RunTime:0.000438s ]
INFO: [ app_begin ] --END-- [ RunTime:0.000488s ]
NOTIC: [2048] Declaration of Admin\Controller\NewsController::show() should be compatible with Think\Controller::show($content, $charset = '', $contentType = '', $prefix = '') D:\wamp64\www\github\code\php_xiaolian\Application\Admin\Controller\NewsController.class.php 第 12 行.
NOTIC: [8] Undefined index: authid D:\wamp64\www\github\code\php_xiaolian\ThinkPHP\Library\Org\Util\Rbac.class.php 第 163 行.

[ 2016-12-05T14:53:15+08:00 ] ::1 /github/code/php_xiaolian/admin/news/index
INFO: [ app_init ] --START--
INFO: Run Behavior\BuildLiteBehavior [ RunTime:0.000039s ]
INFO: [ app_init ] --END-- [ RunTime:0.000924s ]
INFO: [ app_begin ] --START--
INFO: Run Behavior\ReadHtmlCacheBehavior [ RunTime:0.001395s ]
INFO: [ app_begin ] --END-- [ RunTime:0.001856s ]
NOTIC: [2048] Declaration of Admin\Controller\NewsController::show() should be compatible with Think\Controller::show($content, $charset = '', $contentType = '', $prefix = '') D:\wamp64\www\github\code\php_xiaolian\Application\Admin\Controller\NewsController.class.php 第 12 行.
NOTIC: [8] Undefined index: authid D:\wamp64\www\github\code\php_xiaolian\ThinkPHP\Library\Org\Util\Rbac.class.php 第 163 行.

[ 2016-12-05T15:16:27+08:00 ] 127.0.0.1 /Admin/news/view
INFO: [ app_init ] --START--
INFO: Run Behavior\BuildLiteBehavior [ RunTime:0.000015s ]
INFO: [ app_init ] --END-- [ RunTime:0.000427s ]
INFO: [ app_begin ] --START--
INFO: Run Behavior\ReadHtmlCacheBehavior [ RunTime:0.000666s ]
INFO: [ app_begin ] --END-- [ RunTime:0.000735s ]
NOTIC: [2048] Declaration of Admin\Controller\NewsController::show() should be compatible with Think\Controller::show($content, $charset = '', $contentType = '', $prefix = '') D:\wamp64\www\github\code\php_xiaolian\Application\Admin\Controller\NewsController.class.php 第 12 行.
NOTIC: [8] Undefined index: b4c7ad3c445c70ffedf93dced8504017 D:\wamp64\www\github\code\php_xiaolian\ThinkPHP\Library\Org\Util\Rbac.class.php 第 195 行.
SQL: SHOW COLUMNS FROM `xl_topline` [ RunTime:0.0009s ]
SQL: SELECT * FROM `xl_topline`  [ RunTime:0.0002s ]
INFO: [ view_parse ] --START--
INFO: [ template_filter ] --START--
INFO: Run Behavior\ContentReplaceBehavior [ RunTime:0.000138s ]
INFO: [ template_filter ] --END-- [ RunTime:0.000234s ]
INFO: Run Behavior\ParseTemplateBehavior [ RunTime:0.092484s ]
INFO: [ view_parse ] --END-- [ RunTime:0.092566s ]
INFO: [ view_filter ] --START--
INFO: Run Behavior\WriteHtmlCacheBehavior [ RunTime:0.000597s ]
INFO: [ view_filter ] --END-- [ RunTime:0.000673s ]
INFO: [ app_end ] --START--
INFO: Run Behavior\ShowPageTraceBehavior [ RunTime:0.001123s ]
INFO: [ app_end ] --END-- [ RunTime:0.001225s ]

[ 2016-12-05T15:16:40+08:00 ] 127.0.0.1 /Admin/news/view
INFO: [ app_init ] --START--
INFO: Run Behavior\BuildLiteBehavior [ RunTime:0.000024s ]
INFO: [ app_init ] --END-- [ RunTime:0.000513s ]
INFO: [ app_begin ] --START--
INFO: Run Behavior\ReadHtmlCacheBehavior [ RunTime:0.000661s ]
INFO: [ app_begin ] --END-- [ RunTime:0.000732s ]
NOTIC: [2048] Declaration of Admin\Controller\NewsController::show() should be compatible with Think\Controller::show($content, $charset = '', $contentType = '', $prefix = '') D:\wamp64\www\github\code\php_xiaolian\Application\Admin\Controller\NewsController.class.php 第 12 行.
SQL: SHOW COLUMNS FROM `xl_topline` [ RunTime:0.0009s ]
SQL: SELECT * FROM `xl_topline`  [ RunTime:0.0003s ]
INFO: [ view_parse ] --START--
INFO: [ template_filter ] --START--
INFO: Run Behavior\ContentReplaceBehavior [ RunTime:0.000096s ]
INFO: [ template_filter ] --END-- [ RunTime:0.000192s ]
INFO: Run Behavior\ParseTemplateBehavior [ RunTime:0.013750s ]
INFO: [ view_parse ] --END-- [ RunTime:0.013839s ]
INFO: [ view_filter ] --START--
INFO: Run Behavior\WriteHtmlCacheBehavior [ RunTime:0.000592s ]
INFO: [ view_filter ] --END-- [ RunTime:0.000652s ]
INFO: [ app_end ] --START--
INFO: Run Behavior\ShowPageTraceBehavior [ RunTime:0.001024s ]
INFO: [ app_end ] --END-- [ RunTime:0.001124s ]

[ 2016-12-05T15:16:55+08:00 ] 127.0.0.1 /Admin
INFO: [ app_init ] --START--
INFO: Run Behavior\BuildLiteBehavior [ RunTime:0.000017s ]
INFO: [ app_init ] --END-- [ RunTime:0.000415s ]
INFO: [ app_begin ] --START--
INFO: Run Behavior\ReadHtmlCacheBehavior [ RunTime:0.000464s ]
INFO: [ app_begin ] --END-- [ RunTime:0.000522s ]
NOTIC: [2048] Declaration of Admin\Controller\NewsController::show() should be compatible with Think\Controller::show($content, $charset = '', $contentType = '', $prefix = '') D:\wamp64\www\github\code\php_xiaolian\Application\Admin\Controller\NewsController.class.php 第 12 行.
SQL: SHOW COLUMNS FROM `xl_topline` [ RunTime:0.0009s ]
SQL: SELECT * FROM `xl_topline`  [ RunTime:0.0002s ]
INFO: [ view_parse ] --START--
INFO: [ template_filter ] --START--
INFO: Run Behavior\ContentReplaceBehavior [ RunTime:0.000078s ]
INFO: [ template_filter ] --END-- [ RunTime:0.000145s ]
INFO: Run Behavior\ParseTemplateBehavior [ RunTime:0.010606s ]
INFO: [ view_parse ] --END-- [ RunTime:0.010668s ]
INFO: [ view_filter ] --START--
INFO: Run Behavior\WriteHtmlCacheBehavior [ RunTime:0.000410s ]
INFO: [ view_filter ] --END-- [ RunTime:0.000456s ]
INFO: [ app_end ] --START--
INFO: Run Behavior\ShowPageTraceBehavior [ RunTime:0.001533s ]
INFO: [ app_end ] --END-- [ RunTime:0.001625s ]

[ 2016-12-05T15:17:01+08:00 ] 127.0.0.1 /index.php/admin/news/add.html
INFO: [ app_init ] --START--
INFO: Run Behavior\BuildLiteBehavior [ RunTime:0.000014s ]
INFO: [ app_init ] --END-- [ RunTime:0.000346s ]
INFO: [ app_begin ] --START--
INFO: Run Behavior\ReadHtmlCacheBehavior [ RunTime:0.000621s ]
INFO: [ app_begin ] --END-- [ RunTime:0.000704s ]
NOTIC: [2048] Declaration of Admin\Controller\NewsController::show() should be compatible with Think\Controller::show($content, $charset = '', $contentType = '', $prefix = '') D:\wamp64\www\github\code\php_xiaolian\Application\Admin\Controller\NewsController.class.php 第 12 行.
NOTIC: [8] Undefined index: 856d1a879955141bbb898982d583e2f9 D:\wamp64\www\github\code\php_xiaolian\ThinkPHP\Library\Org\Util\Rbac.class.php 第 195 行.
INFO: [ view_parse ] --START--
INFO: [ template_filter ] --START--
INFO: Run Behavior\ContentReplaceBehavior [ RunTime:0.000074s ]
INFO: [ template_filter ] --END-- [ RunTime:0.000135s ]
NOTIC: [8] Undefined variable: name D:\wamp64\www\github\code\php_xiaolian\Application\Runtime\Cache\Admin\2dfc02e2d7eeff6052237f403f7435fe.php 第 22 行.
INFO: Run Behavior\ParseTemplateBehavior [ RunTime:0.024294s ]
INFO: [ view_parse ] --END-- [ RunTime:0.024369s ]
INFO: [ view_filter ] --START--
INFO: Run Behavior\WriteHtmlCacheBehavior [ RunTime:0.000440s ]
INFO: [ view_filter ] --END-- [ RunTime:0.000487s ]
INFO: [ app_end ] --START--
INFO: Run Behavior\ShowPageTraceBehavior [ RunTime:0.000727s ]
INFO: [ app_end ] --END-- [ RunTime:0.000782s ]

[ 2016-12-05T15:20:50+08:00 ] 127.0.0.1 /index.php/admin/news/add.html
INFO: [ app_init ] --START--
INFO: Run Behavior\BuildLiteBehavior [ RunTime:0.000015s ]
INFO: [ app_init ] --END-- [ RunTime:0.000410s ]
INFO: [ app_begin ] --START--
INFO: Run Behavior\ReadHtmlCacheBehavior [ RunTime:0.000575s ]
INFO: [ app_begin ] --END-- [ RunTime:0.000629s ]
NOTIC: [2048] Declaration of Admin\Controller\NewsController::show() should be compatible with Think\Controller::show($content, $charset = '', $contentType = '', $prefix = '') D:\wamp64\www\github\code\php_xiaolian\Application\Admin\Controller\NewsController.class.php 第 12 行.
NOTIC: [8] Undefined index: authid D:\wamp64\www\github\code\php_xiaolian\ThinkPHP\Library\Org\Util\Rbac.class.php 第 163 行.

[ 2016-12-05T15:30:25+08:00 ] 127.0.0.1 /Admin
INFO: [ app_init ] --START--
INFO: Run Behavior\BuildLiteBehavior [ RunTime:0.000014s ]
INFO: [ app_init ] --END-- [ RunTime:0.000352s ]
INFO: [ app_begin ] --START--
INFO: Run Behavior\ReadHtmlCacheBehavior [ RunTime:0.000576s ]
INFO: [ app_begin ] --END-- [ RunTime:0.000630s ]
NOTIC: [2048] Declaration of Admin\Controller\NewsController::show() should be compatible with Think\Controller::show($content, $charset = '', $contentType = '', $prefix = '') D:\wamp64\www\github\code\php_xiaolian\Application\Admin\Controller\NewsController.class.php 第 12 行.
NOTIC: [8] Undefined index: b4c7ad3c445c70ffedf93dced8504017 D:\wamp64\www\github\code\php_xiaolian\ThinkPHP\Library\Org\Util\Rbac.class.php 第 195 行.
SQL: SHOW COLUMNS FROM `xl_topline` [ RunTime:0.0007s ]
SQL: SELECT * FROM `xl_topline`  [ RunTime:0.0002s ]
INFO: [ view_parse ] --START--
INFO: [ template_filter ] --START--
INFO: Run Behavior\ContentReplaceBehavior [ RunTime:0.000080s ]
INFO: [ template_filter ] --END-- [ RunTime:0.000148s ]
INFO: Run Behavior\ParseTemplateBehavior [ RunTime:0.011216s ]
INFO: [ view_parse ] --END-- [ RunTime:0.011286s ]
INFO: [ view_filter ] --START--
INFO: Run Behavior\WriteHtmlCacheBehavior [ RunTime:0.000418s ]
INFO: [ view_filter ] --END-- [ RunTime:0.000464s ]
INFO: [ app_end ] --START--
INFO: Run Behavior\ShowPageTraceBehavior [ RunTime:0.000786s ]
INFO: [ app_end ] --END-- [ RunTime:0.000866s ]

[ 2016-12-05T17:03:49+08:00 ] 127.0.0.1 /admin/news/view
INFO: [ app_init ] --START--
INFO: Run Behavior\BuildLiteBehavior [ RunTime:0.000015s ]
INFO: [ app_init ] --END-- [ RunTime:0.000438s ]
INFO: [ app_begin ] --START--
INFO: Run Behavior\ReadHtmlCacheBehavior [ RunTime:0.000660s ]
INFO: [ app_begin ] --END-- [ RunTime:0.000727s ]
NOTIC: [2048] Declaration of Admin\Controller\NewsController::show() should be compatible with Think\Controller::show($content, $charset = '', $contentType = '', $prefix = '') D:\wamp64\www\github\code\php_xiaolian\Application\Admin\Controller\NewsController.class.php 第 12 行.
SQL: SHOW COLUMNS FROM `xl_topline` [ RunTime:0.0389s ]
SQL: SELECT * FROM `xl_topline`  [ RunTime:0.0003s ]
INFO: [ view_parse ] --START--
INFO: [ template_filter ] --START--
INFO: Run Behavior\ContentReplaceBehavior [ RunTime:0.000090s ]
INFO: [ template_filter ] --END-- [ RunTime:0.000151s ]
INFO: Run Behavior\ParseTemplateBehavior [ RunTime:0.068251s ]
INFO: [ view_parse ] --END-- [ RunTime:0.068321s ]
INFO: [ view_filter ] --START--
INFO: Run Behavior\WriteHtmlCacheBehavior [ RunTime:0.000427s ]
INFO: [ view_filter ] --END-- [ RunTime:0.000471s ]
INFO: [ app_end ] --START--
INFO: Run Behavior\ShowPageTraceBehavior [ RunTime:0.000641s ]
INFO: [ app_end ] --END-- [ RunTime:0.000693s ]

[ 2016-12-05T17:04:15+08:00 ] 127.0.0.1 /index.php/admin/news/view.html
INFO: [ app_init ] --START--
INFO: Run Behavior\BuildLiteBehavior [ RunTime:0.000015s ]
INFO: [ app_init ] --END-- [ RunTime:0.000375s ]
INFO: [ app_begin ] --START--
INFO: Run Behavior\ReadHtmlCacheBehavior [ RunTime:0.000446s ]
INFO: [ app_begin ] --END-- [ RunTime:0.000504s ]
NOTIC: [2048] Declaration of Admin\Controller\NewsController::show() should be compatible with Think\Controller::show($content, $charset = '', $contentType = '', $prefix = '') D:\wamp64\www\github\code\php_xiaolian\Application\Admin\Controller\NewsController.class.php 第 12 行.
SQL: SHOW COLUMNS FROM `xl_topline` [ RunTime:0.0012s ]
SQL: SELECT * FROM `xl_topline`  [ RunTime:0.0002s ]
INFO: [ view_parse ] --START--
INFO: [ template_filter ] --START--
INFO: Run Behavior\ContentReplaceBehavior [ RunTime:0.000076s ]
INFO: [ template_filter ] --END-- [ RunTime:0.000132s ]
INFO: Run Behavior\ParseTemplateBehavior [ RunTime:0.009891s ]
INFO: [ view_parse ] --END-- [ RunTime:0.009954s ]
INFO: [ view_filter ] --START--
INFO: Run Behavior\WriteHtmlCacheBehavior [ RunTime:0.000400s ]
INFO: [ view_filter ] --END-- [ RunTime:0.000444s ]
INFO: [ app_end ] --START--
INFO: Run Behavior\ShowPageTraceBehavior [ RunTime:0.000935s ]
INFO: [ app_end ] --END-- [ RunTime:0.001033s ]

[ 2016-12-05T17:04:17+08:00 ] 127.0.0.1 /index.php/admin/news/add.html
INFO: [ app_init ] --START--
INFO: Run Behavior\BuildLiteBehavior [ RunTime:0.000014s ]
INFO: [ app_init ] --END-- [ RunTime:0.000349s ]
INFO: [ app_begin ] --START--
INFO: Run Behavior\ReadHtmlCacheBehavior [ RunTime:0.000439s ]
INFO: [ app_begin ] --END-- [ RunTime:0.000497s ]
NOTIC: [2048] Declaration of Admin\Controller\NewsController::show() should be compatible with Think\Controller::show($content, $charset = '', $contentType = '', $prefix = '') D:\wamp64\www\github\code\php_xiaolian\Application\Admin\Controller\NewsController.class.php 第 12 行.
NOTIC: [8] Undefined index: 856d1a879955141bbb898982d583e2f9 D:\wamp64\www\github\code\php_xiaolian\ThinkPHP\Library\Org\Util\Rbac.class.php 第 195 行.
INFO: [ view_parse ] --START--
INFO: [ template_filter ] --START--
INFO: Run Behavior\ContentReplaceBehavior [ RunTime:0.000079s ]
INFO: [ template_filter ] --END-- [ RunTime:0.000156s ]
NOTIC: [8] Undefined variable: name D:\wamp64\www\github\code\php_xiaolian\Application\Runtime\Cache\Admin\2dfc02e2d7eeff6052237f403f7435fe.php 第 22 行.
INFO: Run Behavior\ParseTemplateBehavior [ RunTime:0.008409s ]
INFO: [ view_parse ] --END-- [ RunTime:0.008479s ]
INFO: [ view_filter ] --START--
INFO: Run Behavior\WriteHtmlCacheBehavior [ RunTime:0.000431s ]
INFO: [ view_filter ] --END-- [ RunTime:0.000478s ]
INFO: [ app_end ] --START--
INFO: Run Behavior\ShowPageTraceBehavior [ RunTime:0.000955s ]
INFO: [ app_end ] --END-- [ RunTime:0.001038s ]

[ 2016-12-05T17:04:19+08:00 ] 127.0.0.1 /index.php/admin/university/view.html
INFO: [ app_init ] --START--
INFO: Run Behavior\BuildLiteBehavior [ RunTime:0.000014s ]
INFO: [ app_init ] --END-- [ RunTime:0.000352s ]
INFO: [ app_begin ] --START--
INFO: Run Behavior\ReadHtmlCacheBehavior [ RunTime:0.000431s ]
INFO: [ app_begin ] --END-- [ RunTime:0.000482s ]
NOTIC: [2048] Declaration of Admin\Controller\UniversityController::show() should be compatible with Think\Controller::show($content, $charset = '', $contentType = '', $prefix = '') D:\wamp64\www\github\code\php_xiaolian\Application\Admin\Controller\UniversityController.class.php 第 14 行.
NOTIC: [8] Undefined index: b3bc2ec303d6cbdc7f5b0260893492fe D:\wamp64\www\github\code\php_xiaolian\ThinkPHP\Library\Org\Util\Rbac.class.php 第 195 行.
SQL: SHOW COLUMNS FROM `xl_university` [ RunTime:0.0009s ]
SQL: SELECT * FROM `xl_university`  [ RunTime:0.0003s ]
INFO: [ view_parse ] --START--
INFO: [ template_filter ] --START--
INFO: Run Behavior\ContentReplaceBehavior [ RunTime:0.000143s ]
INFO: [ template_filter ] --END-- [ RunTime:0.000371s ]
NOTIC: [8] Undefined variable: name D:\wamp64\www\github\code\php_xiaolian\Application\Runtime\Cache\Admin\2da9a18102df2d86f48ee829bb8fe181.php 第 22 行.
INFO: Run Behavior\ParseTemplateBehavior [ RunTime:0.010952s ]
INFO: [ view_parse ] --END-- [ RunTime:0.011030s ]
INFO: [ view_filter ] --START--
INFO: Run Behavior\WriteHtmlCacheBehavior [ RunTime:0.000652s ]
INFO: [ view_filter ] --END-- [ RunTime:0.000735s ]
INFO: [ app_end ] --START--
INFO: Run Behavior\ShowPageTraceBehavior [ RunTime:0.002746s ]
INFO: [ app_end ] --END-- [ RunTime:0.002855s ]

[ 2016-12-05T17:04:20+08:00 ] 127.0.0.1 /index.php/admin/university/add.html
INFO: [ app_init ] --START--
INFO: Run Behavior\BuildLiteBehavior [ RunTime:0.000014s ]
INFO: [ app_init ] --END-- [ RunTime:0.000353s ]
INFO: [ app_begin ] --START--
INFO: Run Behavior\ReadHtmlCacheBehavior [ RunTime:0.000443s ]
INFO: [ app_begin ] --END-- [ RunTime:0.000493s ]
NOTIC: [2048] Declaration of Admin\Controller\UniversityController::show() should be compatible with Think\Controller::show($content, $charset = '', $contentType = '', $prefix = '') D:\wamp64\www\github\code\php_xiaolian\Application\Admin\Controller\UniversityController.class.php 第 14 行.
NOTIC: [8] Undefined index: 599c447ef19e514d7df92bf59ecea30b D:\wamp64\www\github\code\php_xiaolian\ThinkPHP\Library\Org\Util\Rbac.class.php 第 195 行.
INFO: [ view_parse ] --START--
INFO: [ template_filter ] --START--
INFO: Run Behavior\ContentReplaceBehavior [ RunTime:0.000074s ]
INFO: [ template_filter ] --END-- [ RunTime:0.000130s ]
NOTIC: [8] Undefined variable: name D:\wamp64\www\github\code\php_xiaolian\Application\Runtime\Cache\Admin\1df9a6c18d05fdcc3b4c51000ac69ecd.php 第 22 行.
INFO: Run Behavior\ParseTemplateBehavior [ RunTime:0.008298s ]
INFO: [ view_parse ] --END-- [ RunTime:0.008361s ]
INFO: [ view_filter ] --START--
INFO: Run Behavior\WriteHtmlCacheBehavior [ RunTime:0.000412s ]
INFO: [ view_filter ] --END-- [ RunTime:0.000456s ]
INFO: [ app_end ] --START--
INFO: Run Behavior\ShowPageTraceBehavior [ RunTime:0.000795s ]
INFO: [ app_end ] --END-- [ RunTime:0.000861s ]

[ 2016-12-05T17:04:22+08:00 ] 127.0.0.1 /index.php/admin/university/view.html
INFO: [ app_init ] --START--
INFO: Run Behavior\BuildLiteBehavior [ RunTime:0.000023s ]
INFO: [ app_init ] --END-- [ RunTime:0.000552s ]
INFO: [ app_begin ] --START--
INFO: Run Behavior\ReadHtmlCacheBehavior [ RunTime:0.000468s ]
INFO: [ app_begin ] --END-- [ RunTime:0.000524s ]
NOTIC: [2048] Declaration of Admin\Controller\UniversityController::show() should be compatible with Think\Controller::show($content, $charset = '', $contentType = '', $prefix = '') D:\wamp64\www\github\code\php_xiaolian\Application\Admin\Controller\UniversityController.class.php 第 14 行.
SQL: SHOW COLUMNS FROM `xl_university` [ RunTime:0.0343s ]
SQL: SELECT * FROM `xl_university`  [ RunTime:0.0003s ]
INFO: [ view_parse ] --START--
INFO: [ template_filter ] --START--
INFO: Run Behavior\ContentReplaceBehavior [ RunTime:0.000076s ]
INFO: [ template_filter ] --END-- [ RunTime:0.000137s ]
NOTIC: [8] Undefined variable: name D:\wamp64\www\github\code\php_xiaolian\Application\Runtime\Cache\Admin\2da9a18102df2d86f48ee829bb8fe181.php 第 22 行.
INFO: Run Behavior\ParseTemplateBehavior [ RunTime:0.010151s ]
INFO: [ view_parse ] --END-- [ RunTime:0.010211s ]
INFO: [ view_filter ] --START--
INFO: Run Behavior\WriteHtmlCacheBehavior [ RunTime:0.000400s ]
INFO: [ view_filter ] --END-- [ RunTime:0.000447s ]
INFO: [ app_end ] --START--
INFO: Run Behavior\ShowPageTraceBehavior [ RunTime:0.000704s ]
INFO: [ app_end ] --END-- [ RunTime:0.000780s ]

[ 2016-12-05T17:04:23+08:00 ] 127.0.0.1 /index.php/admin/news/add.html
INFO: [ app_init ] --START--
INFO: Run Behavior\BuildLiteBehavior [ RunTime:0.000016s ]
INFO: [ app_init ] --END-- [ RunTime:0.000377s ]
INFO: [ app_begin ] --START--
INFO: Run Behavior\ReadHtmlCacheBehavior [ RunTime:0.000538s ]
INFO: [ app_begin ] --END-- [ RunTime:0.000623s ]
NOTIC: [2048] Declaration of Admin\Controller\NewsController::show() should be compatible with Think\Controller::show($content, $charset = '', $contentType = '', $prefix = '') D:\wamp64\www\github\code\php_xiaolian\Application\Admin\Controller\NewsController.class.php 第 12 行.
INFO: [ view_parse ] --START--
INFO: [ template_filter ] --START--
INFO: Run Behavior\ContentReplaceBehavior [ RunTime:0.000070s ]
INFO: [ template_filter ] --END-- [ RunTime:0.000124s ]
NOTIC: [8] Undefined variable: name D:\wamp64\www\github\code\php_xiaolian\Application\Runtime\Cache\Admin\2dfc02e2d7eeff6052237f403f7435fe.php 第 22 行.
INFO: Run Behavior\ParseTemplateBehavior [ RunTime:0.008097s ]
INFO: [ view_parse ] --END-- [ RunTime:0.008164s ]
INFO: [ view_filter ] --START--
INFO: Run Behavior\WriteHtmlCacheBehavior [ RunTime:0.000395s ]
INFO: [ view_filter ] --END-- [ RunTime:0.000437s ]
INFO: [ app_end ] --START--
INFO: Run Behavior\ShowPageTraceBehavior [ RunTime:0.000766s ]
INFO: [ app_end ] --END-- [ RunTime:0.000826s ]

[ 2016-12-05T17:04:23+08:00 ] 127.0.0.1 /index.php/admin/news/view.html
INFO: [ app_init ] --START--
INFO: Run Behavior\BuildLiteBehavior [ RunTime:0.000013s ]
INFO: [ app_init ] --END-- [ RunTime:0.000350s ]
INFO: [ app_begin ] --START--
INFO: Run Behavior\ReadHtmlCacheBehavior [ RunTime:0.000446s ]
INFO: [ app_begin ] --END-- [ RunTime:0.000501s ]
NOTIC: [2048] Declaration of Admin\Controller\NewsController::show() should be compatible with Think\Controller::show($content, $charset = '', $contentType = '', $prefix = '') D:\wamp64\www\github\code\php_xiaolian\Application\Admin\Controller\NewsController.class.php 第 12 行.
SQL: SHOW COLUMNS FROM `xl_topline` [ RunTime:0.0009s ]
SQL: SELECT * FROM `xl_topline`  [ RunTime:0.0002s ]
INFO: [ view_parse ] --START--
INFO: [ template_filter ] --START--
INFO: Run Behavior\ContentReplaceBehavior [ RunTime:0.000077s ]
INFO: [ template_filter ] --END-- [ RunTime:0.000133s ]
INFO: Run Behavior\ParseTemplateBehavior [ RunTime:0.010132s ]
INFO: [ view_parse ] --END-- [ RunTime:0.010194s ]
INFO: [ view_filter ] --START--
INFO: Run Behavior\WriteHtmlCacheBehavior [ RunTime:0.000394s ]
INFO: [ view_filter ] --END-- [ RunTime:0.000438s ]
INFO: [ app_end ] --START--
INFO: Run Behavior\ShowPageTraceBehavior [ RunTime:0.000715s ]
INFO: [ app_end ] --END-- [ RunTime:0.000778s ]

[ 2016-12-05T17:06:04+08:00 ] 127.0.0.1 /index.php/admin/news/add.html
INFO: [ app_init ] --START--
INFO: Run Behavior\BuildLiteBehavior [ RunTime:0.000014s ]
INFO: [ app_init ] --END-- [ RunTime:0.000371s ]
INFO: [ app_begin ] --START--
INFO: Run Behavior\ReadHtmlCacheBehavior [ RunTime:0.000492s ]
INFO: [ app_begin ] --END-- [ RunTime:0.000550s ]
NOTIC: [2048] Declaration of Admin\Controller\NewsController::show() should be compatible with Think\Controller::show($content, $charset = '', $contentType = '', $prefix = '') D:\wamp64\www\github\code\php_xiaolian\Application\Admin\Controller\NewsController.class.php 第 12 行.
INFO: [ view_parse ] --START--
INFO: [ template_filter ] --START--
INFO: Run Behavior\ContentReplaceBehavior [ RunTime:0.000070s ]
INFO: [ template_filter ] --END-- [ RunTime:0.000126s ]
NOTIC: [8] Undefined variable: name D:\wamp64\www\github\code\php_xiaolian\Application\Runtime\Cache\Admin\2dfc02e2d7eeff6052237f403f7435fe.php 第 22 行.
INFO: Run Behavior\ParseTemplateBehavior [ RunTime:0.008389s ]
INFO: [ view_parse ] --END-- [ RunTime:0.008478s ]
INFO: [ view_filter ] --START--
INFO: Run Behavior\WriteHtmlCacheBehavior [ RunTime:0.000415s ]
INFO: [ view_filter ] --END-- [ RunTime:0.000458s ]
INFO: [ app_end ] --START--
INFO: Run Behavior\ShowPageTraceBehavior [ RunTime:0.000760s ]
INFO: [ app_end ] --END-- [ RunTime:0.000822s ]

[ 2016-12-05T17:06:12+08:00 ] 127.0.0.1 /index.php/admin/news/add.html
INFO: [ app_init ] --START--
INFO: Run Behavior\BuildLiteBehavior [ RunTime:0.000014s ]
INFO: [ app_init ] --END-- [ RunTime:0.000367s ]
INFO: [ app_begin ] --START--
INFO: Run Behavior\ReadHtmlCacheBehavior [ RunTime:0.000482s ]
INFO: [ app_begin ] --END-- [ RunTime:0.000555s ]
NOTIC: [2048] Declaration of Admin\Controller\NewsController::show() should be compatible with Think\Controller::show($content, $charset = '', $contentType = '', $prefix = '') D:\wamp64\www\github\code\php_xiaolian\Application\Admin\Controller\NewsController.class.php 第 12 行.
NOTIC: [2] finfo_file(): Empty filename or path D:\wamp64\www\github\code\php_xiaolian\ThinkPHP\Library\Think\Upload.class.php 第 164 行.
INFO: [ view_parse ] --START--
INFO: [ template_filter ] --START--
INFO: Run Behavior\ContentReplaceBehavior [ RunTime:0.000048s ]
INFO: [ template_filter ] --END-- [ RunTime:0.000122s ]
INFO: Run Behavior\ParseTemplateBehavior [ RunTime:0.012619s ]
INFO: [ view_parse ] --END-- [ RunTime:0.012716s ]
INFO: [ view_filter ] --START--
INFO: Run Behavior\WriteHtmlCacheBehavior [ RunTime:0.001884s ]
INFO: [ view_filter ] --END-- [ RunTime:0.001973s ]

[ 2016-12-05T17:07:24+08:00 ] 127.0.0.1 /index.php/admin/news/add.html
INFO: [ app_init ] --START--
INFO: Run Behavior\BuildLiteBehavior [ RunTime:0.000015s ]
INFO: [ app_init ] --END-- [ RunTime:0.000706s ]
INFO: [ app_begin ] --START--
INFO: Run Behavior\ReadHtmlCacheBehavior [ RunTime:0.001786s ]
INFO: [ app_begin ] --END-- [ RunTime:0.001857s ]
NOTIC: [2048] Declaration of Admin\Controller\NewsController::show() should be compatible with Think\Controller::show($content, $charset = '', $contentType = '', $prefix = '') D:\wamp64\www\github\code\php_xiaolian\Application\Admin\Controller\NewsController.class.php 第 12 行.
NOTIC: [2] call_user_func() expects parameter 1 to be a valid callback, no array or string given D:\wamp64\www\github\code\php_xiaolian\ThinkPHP\Library\Think\Upload.class.php 第 182 行.
SQL: SHOW COLUMNS FROM `xl_topline` [ RunTime:0.0009s ]
SQL: INSERT INTO `xl_topline` (`tltitle`,`tlimage`,`tlcontent`) VALUES ('测试','newsimage/2016-12-05/58452e4c84279.png','111111') [ RunTime:0.0449s ]
INFO: [ view_parse ] --START--
INFO: [ template_filter ] --START--
INFO: Run Behavior\ContentReplaceBehavior [ RunTime:0.000068s ]
INFO: [ template_filter ] --END-- [ RunTime:0.000125s ]
INFO: Run Behavior\ParseTemplateBehavior [ RunTime:0.010471s ]
INFO: [ view_parse ] --END-- [ RunTime:0.010547s ]
INFO: [ view_filter ] --START--
INFO: Run Behavior\WriteHtmlCacheBehavior [ RunTime:0.001472s ]
INFO: [ view_filter ] --END-- [ RunTime:0.001519s ]
INFO: [ app_end ] --START--
INFO: Run Behavior\ShowPageTraceBehavior [ RunTime:0.001718s ]
INFO: [ app_end ] --END-- [ RunTime:0.001765s ]

[ 2016-12-05T17:07:25+08:00 ] 127.0.0.1 /index.php/admin/news/view.html
INFO: [ app_init ] --START--
INFO: Run Behavior\BuildLiteBehavior [ RunTime:0.000023s ]
INFO: [ app_init ] --END-- [ RunTime:0.000680s ]
INFO: [ app_begin ] --START--
INFO: Run Behavior\ReadHtmlCacheBehavior [ RunTime:0.001974s ]
INFO: [ app_begin ] --END-- [ RunTime:0.002048s ]
NOTIC: [2048] Declaration of Admin\Controller\NewsController::show() should be compatible with Think\Controller::show($content, $charset = '', $contentType = '', $prefix = '') D:\wamp64\www\github\code\php_xiaolian\Application\Admin\Controller\NewsController.class.php 第 12 行.
SQL: SHOW COLUMNS FROM `xl_topline` [ RunTime:0.0009s ]
SQL: SELECT * FROM `xl_topline`  [ RunTime:0.0003s ]
INFO: [ view_parse ] --START--
INFO: [ template_filter ] --START--
INFO: Run Behavior\ContentReplaceBehavior [ RunTime:0.000075s ]
INFO: [ template_filter ] --END-- [ RunTime:0.000130s ]
INFO: Run Behavior\ParseTemplateBehavior [ RunTime:0.014624s ]
INFO: [ view_parse ] --END-- [ RunTime:0.014689s ]
INFO: [ view_filter ] --START--
INFO: Run Behavior\WriteHtmlCacheBehavior [ RunTime:0.001470s ]
INFO: [ view_filter ] --END-- [ RunTime:0.001515s ]
INFO: [ app_end ] --START--
INFO: Run Behavior\ShowPageTraceBehavior [ RunTime:0.001759s ]
INFO: [ app_end ] --END-- [ RunTime:0.001816s ]

[ 2016-12-05T17:11:15+08:00 ] 127.0.0.1 /admin/match/go
INFO: [ app_init ] --START--
INFO: Run Behavior\BuildLiteBehavior [ RunTime:0.000014s ]
INFO: [ app_init ] --END-- [ RunTime:0.000466s ]
INFO: [ app_begin ] --START--
INFO: Run Behavior\ReadHtmlCacheBehavior [ RunTime:0.000774s ]
INFO: [ app_begin ] --END-- [ RunTime:0.000829s ]
ERR: 无法加载控制器:Match

