[ 2016-12-07T14:14:01+08:00 ] 127.0.0.1 /admin/news/view
INFO: [ app_init ] --START--
INFO: Run Behavior\BuildLiteBehavior [ RunTime:0.000014s ]
INFO: [ app_init ] --END-- [ RunTime:0.000405s ]
INFO: [ app_begin ] --START--
INFO: Run Behavior\ReadHtmlCacheBehavior [ RunTime:0.000754s ]
INFO: [ app_begin ] --END-- [ RunTime:0.000821s ]
NOTIC: [2048] Declaration of Admin\Controller\NewsController::show() should be compatible with Think\Controller::show($content, $charset = '', $contentType = '', $prefix = '') D:\wamp64\www\github\code\php_xiaolian\Application\Admin\Controller\NewsController.class.php 第 12 行.
NOTIC: [8] Undefined index: authid D:\wamp64\www\github\code\php_xiaolian\ThinkPHP\Library\Org\Util\Rbac.class.php 第 163 行.

[ 2016-12-07T19:45:28+08:00 ] 127.0.0.1 /admin/news/view
INFO: [ app_init ] --START--
INFO: Run Behavior\BuildLiteBehavior [ RunTime:0.000019s ]
INFO: [ app_init ] --END-- [ RunTime:0.006989s ]
INFO: [ app_begin ] --START--
INFO: Run Behavior\ReadHtmlCacheBehavior [ RunTime:0.013075s ]
INFO: [ app_begin ] --END-- [ RunTime:0.013165s ]
NOTIC: [2048] Declaration of Admin\Controller\NewsController::show() should be compatible with Think\Controller::show($content, $charset = '', $contentType = '', $prefix = '') D:\wamp64\www\github\code\php_xiaolian\Application\Admin\Controller\NewsController.class.php 第 12 行.
NOTIC: [8] Undefined index: authid D:\wamp64\www\github\code\php_xiaolian\ThinkPHP\Library\Org\Util\Rbac.class.php 第 163 行.

[ 2016-12-07T19:45:39+08:00 ] 127.0.0.1 /Admin
INFO: [ app_init ] --START--
INFO: Run Behavior\BuildLiteBehavior [ RunTime:0.000014s ]
INFO: [ app_init ] --END-- [ RunTime:0.000352s ]
INFO: [ app_begin ] --START--
INFO: Run Behavior\ReadHtmlCacheBehavior [ RunTime:0.000660s ]
INFO: [ app_begin ] --END-- [ RunTime:0.000737s ]
NOTIC: [2048] Declaration of Admin\Controller\NewsController::show() should be compatible with Think\Controller::show($content, $charset = '', $contentType = '', $prefix = '') D:\wamp64\www\github\code\php_xiaolian\Application\Admin\Controller\NewsController.class.php 第 12 行.
NOTIC: [8] Undefined index: b4c7ad3c445c70ffedf93dced8504017 D:\wamp64\www\github\code\php_xiaolian\ThinkPHP\Library\Org\Util\Rbac.class.php 第 195 行.
SQL: SHOW COLUMNS FROM `xl_topline` [ RunTime:0.0436s ]
SQL: SELECT * FROM `xl_topline`  [ RunTime:0.0004s ]
INFO: [ view_parse ] --START--
INFO: [ template_filter ] --START--
INFO: Run Behavior\ContentReplaceBehavior [ RunTime:0.000112s ]
INFO: [ template_filter ] --END-- [ RunTime:0.000205s ]
INFO: Run Behavior\ParseTemplateBehavior [ RunTime:0.075698s ]
INFO: [ view_parse ] --END-- [ RunTime:0.075790s ]
INFO: [ view_filter ] --START--
INFO: Run Behavior\WriteHtmlCacheBehavior [ RunTime:0.000640s ]
INFO: [ view_filter ] --END-- [ RunTime:0.000712s ]
INFO: [ app_end ] --START--
INFO: Run Behavior\ShowPageTraceBehavior [ RunTime:0.000740s ]
INFO: [ app_end ] --END-- [ RunTime:0.000807s ]

[ 2016-12-07T19:45:45+08:00 ] 127.0.0.1 /index.php/admin/news/show/id/8.html
INFO: [ app_init ] --START--
INFO: Run Behavior\BuildLiteBehavior [ RunTime:0.000015s ]
INFO: [ app_init ] --END-- [ RunTime:0.000370s ]
INFO: [ app_begin ] --START--
INFO: Run Behavior\ReadHtmlCacheBehavior [ RunTime:0.000515s ]
INFO: [ app_begin ] --END-- [ RunTime:0.000584s ]
NOTIC: [2048] Declaration of Admin\Controller\NewsController::show() should be compatible with Think\Controller::show($content, $charset = '', $contentType = '', $prefix = '') D:\wamp64\www\github\code\php_xiaolian\Application\Admin\Controller\NewsController.class.php 第 12 行.
NOTIC: [8] Undefined index: f1594afdbcb39083e3f3872204bebd58 D:\wamp64\www\github\code\php_xiaolian\ThinkPHP\Library\Org\Util\Rbac.class.php 第 195 行.
SQL: SHOW COLUMNS FROM `xl_topline` [ RunTime:0.0009s ]
SQL: SELECT * FROM `xl_topline` WHERE ( tlid=8 ) LIMIT 1   [ RunTime:0.0003s ]
INFO: [ view_parse ] --START--
INFO: [ template_filter ] --START--
INFO: Run Behavior\ContentReplaceBehavior [ RunTime:0.000070s ]
INFO: [ template_filter ] --END-- [ RunTime:0.000130s ]
NOTIC: [8] Undefined variable: name D:\wamp64\www\github\code\php_xiaolian\Application\Runtime\Cache\Admin\21049a25def4ecf46681d4c082f57209.php 第 22 行.
INFO: Run Behavior\ParseTemplateBehavior [ RunTime:0.042477s ]
INFO: [ view_parse ] --END-- [ RunTime:0.042537s ]
INFO: [ view_filter ] --START--
INFO: Run Behavior\WriteHtmlCacheBehavior [ RunTime:0.000409s ]
INFO: [ view_filter ] --END-- [ RunTime:0.000454s ]
INFO: [ app_end ] --START--
INFO: Run Behavior\ShowPageTraceBehavior [ RunTime:0.000823s ]
INFO: [ app_end ] --END-- [ RunTime:0.000916s ]

