[ 2016-12-08T18:28:28+08:00 ] 127.0.0.1 /home/moments
INFO: [ app_init ] --START--
INFO: Run Behavior\BuildLiteBehavior [ RunTime:0.000000s ]
INFO: [ app_init ] --END-- [ RunTime:0.047003s ]
INFO: [ app_begin ] --START--
INFO: Run Behavior\ReadHtmlCacheBehavior [ RunTime:0.012001s ]
INFO: [ app_begin ] --END-- [ RunTime:0.012001s ]
SQL: SHOW COLUMNS FROM `xl_xiaolianarticle` [ RunTime:0.2010s ]
SQL: SELECT * FROM `xl_xiaolianarticle` ORDER BY xlaaddtime desc LIMIT 10   [ RunTime:0.0130s ]
ERR: 模板不存在:./Application/Home/View/Moments/index.html.html

[ 2016-12-08T18:29:22+08:00 ] 127.0.0.1 /home/user/
INFO: [ app_init ] --START--
INFO: Run Behavior\BuildLiteBehavior [ RunTime:0.000000s ]
INFO: [ app_init ] --END-- [ RunTime:0.001000s ]
INFO: [ app_begin ] --START--
INFO: Run Behavior\ReadHtmlCacheBehavior [ RunTime:0.001000s ]
INFO: [ app_begin ] --END-- [ RunTime:0.001000s ]
NOTIC: [2] curl_errno() expects exactly 1 parameter, 0 given D:\wamp64\www\php_xiaolian\PHP_xiaolian\code\php_xiaolian\Application\Home\Controller\UserController.class.php 第 29 行.
NOTIC: [8] Undefined property: stdClass::$access_token D:\wamp64\www\php_xiaolian\PHP_xiaolian\code\php_xiaolian\Application\Home\Controller\UserController.class.php 第 33 行.
NOTIC: [8] Undefined property: stdClass::$openid D:\wamp64\www\php_xiaolian\PHP_xiaolian\code\php_xiaolian\Application\Home\Controller\UserController.class.php 第 34 行.
NOTIC: [2] curl_errno() expects exactly 1 parameter, 0 given D:\wamp64\www\php_xiaolian\PHP_xiaolian\code\php_xiaolian\Application\Home\Controller\UserController.class.php 第 49 行.
ERR: 模板不存在:./Application/Home/View/User/index.html

[ 2016-12-08T18:29:27+08:00 ] 127.0.0.1 /home/moments
INFO: [ app_init ] --START--
INFO: Run Behavior\BuildLiteBehavior [ RunTime:0.000000s ]
INFO: [ app_init ] --END-- [ RunTime:0.000000s ]
INFO: [ app_begin ] --START--
INFO: Run Behavior\ReadHtmlCacheBehavior [ RunTime:0.001000s ]
INFO: [ app_begin ] --END-- [ RunTime:0.001000s ]
SQL: SHOW COLUMNS FROM `xl_xiaolianarticle` [ RunTime:0.0010s ]
SQL: SELECT * FROM `xl_xiaolianarticle` ORDER BY xlaaddtime desc LIMIT 10   [ RunTime:0.0000s ]
ERR: 模板不存在:./Application/Home/View/Moments/index.html.html

[ 2016-12-08T19:02:57+08:00 ] 127.0.0.1 /home/moments
INFO: [ app_init ] --START--
INFO: Run Behavior\BuildLiteBehavior [ RunTime:0.000000s ]
INFO: [ app_init ] --END-- [ RunTime:0.000000s ]
INFO: [ app_begin ] --START--
INFO: Run Behavior\ReadHtmlCacheBehavior [ RunTime:0.001000s ]
INFO: [ app_begin ] --END-- [ RunTime:0.001000s ]
SQL: SHOW COLUMNS FROM `xl_xiaolianarticle` [ RunTime:0.0010s ]
SQL: SELECT * FROM `xl_xiaolianarticle` ORDER BY xlaaddtime desc LIMIT 10   [ RunTime:0.0000s ]
ERR: 模板不存在:./Application/Home/View/Moments/index.html.html

