[ 2016-12-23T23:38:23+08:00 ] 183.197.99.216 /home/user/login
INFO: [ app_init ] --START--
INFO: Run Behavior\BuildLiteBehavior [ RunTime:0.000019s ]
INFO: [ app_init ] --END-- [ RunTime:0.000344s ]
INFO: [ app_begin ] --START--
INFO: Run Behavior\ReadHtmlCacheBehavior [ RunTime:0.000476s ]
INFO: [ app_begin ] --END-- [ RunTime:0.000532s ]
SQL: SHOW COLUMNS FROM `xl_user` [ RunTime:0.0006s ]
SQL: SHOW COLUMNS FROM `xl_university` [ RunTime:0.0003s ]
SQL: SELECT `uniid` FROM `xl_university` WHERE `uniname` = '河北师范大学' LIMIT 1   [ RunTime:0.0002s ]
SQL: SELECT * FROM `xl_user` WHERE `openid` = 'offLcwWI_gMFyklt5XwVIgVi5kEI' LIMIT 1   [ RunTime:0.0001s ]
SQL: UPDATE `xl_user` SET `college`='河北师范大学',`name`='Anne',`phonenumber`='',`sno`='0',`enrollmentDate`='' WHERE `openid` = 'offLcwWI_gMFyklt5XwVIgVi5kEI' [ RunTime:0.0002s ]
SQL: SELECT * FROM `xl_user` WHERE `openid` = 'offLcwWI_gMFyklt5XwVIgVi5kEI' LIMIT 1   [ RunTime:0.0002s ]
INFO: [ view_parse ] --START--
INFO: [ template_filter ] --START--
INFO: Run Behavior\ContentReplaceBehavior [ RunTime:0.000056s ]
INFO: [ template_filter ] --END-- [ RunTime:0.000105s ]
NOTIC: [8] Undefined index: enrollmentDate /var/www/html/Application/Runtime/Cache/Home/6830cbac89ff06451c77cd8769d6d4ca.php 第 60 行.
INFO: Run Behavior\ParseTemplateBehavior [ RunTime:0.004544s ]
INFO: [ view_parse ] --END-- [ RunTime:0.004575s ]
INFO: [ view_filter ] --START--
INFO: Run Behavior\WriteHtmlCacheBehavior [ RunTime:0.000104s ]
INFO: [ view_filter ] --END-- [ RunTime:0.000137s ]
INFO: [ app_end ] --START--
INFO: Run Behavior\ShowPageTraceBehavior [ RunTime:0.000331s ]
INFO: [ app_end ] --END-- [ RunTime:0.000365s ]

[ 2016-12-23T23:38:28+08:00 ] 182.254.86.154 /?signature=90e912bc8898f0924c62d3dd5103401651a61256&timestamp=1482507508&nonce=1595413602&openid=offLcwWI_gMFyklt5XwVIgVi5kEI
INFO: [ app_init ] --START--
INFO: Run Behavior\BuildLiteBehavior [ RunTime:0.000013s ]
INFO: [ app_init ] --END-- [ RunTime:0.000234s ]
INFO: [ app_begin ] --START--
INFO: Run Behavior\ReadHtmlCacheBehavior [ RunTime:0.000298s ]
INFO: [ app_begin ] --END-- [ RunTime:0.000337s ]
INFO: [ app_end ] --START--
INFO: Run Behavior\ShowPageTraceBehavior [ RunTime:0.000328s ]
INFO: [ app_end ] --END-- [ RunTime:0.000375s ]

[ 2016-12-23T23:38:28+08:00 ] 183.197.99.216 /index.php/home/my/chat?code=041VMFp22rrPu01YDTo22aXGp22VMFpP&state=1
INFO: [ app_init ] --START--
INFO: Run Behavior\BuildLiteBehavior [ RunTime:0.000017s ]
INFO: [ app_init ] --END-- [ RunTime:0.000264s ]
INFO: [ app_begin ] --START--
INFO: Run Behavior\ReadHtmlCacheBehavior [ RunTime:0.000298s ]
INFO: [ app_begin ] --END-- [ RunTime:0.000335s ]
SQL: SHOW COLUMNS FROM `xl_user` [ RunTime:0.0006s ]
SQL: SELECT * FROM `xl_user` WHERE `openid` = 'offLcwWI_gMFyklt5XwVIgVi5kEI' LIMIT 1   [ RunTime:0.0002s ]
NOTIC: [8] Use of undefined constant user - assumed 'user' /var/www/html/Application/Home/Controller/MyController.class.php 第 441 行.
SQL: SELECT * FROM `xl_user` WHERE `openid` = 'offLcwWI_gMFyklt5XwVIgVi5kEI' LIMIT 1   [ RunTime:0.0002s ]
INFO: [ view_parse ] --START--
INFO: [ template_filter ] --START--
INFO: Run Behavior\ContentReplaceBehavior [ RunTime:0.000148s ]
INFO: [ template_filter ] --END-- [ RunTime:0.000197s ]
NOTIC: [8] Undefined variable: regist_username /var/www/html/Application/Runtime/Cache/Home/755cf36b56bc15e9acb6695967d2a347.php 第 1683 行.
NOTIC: [8] Undefined variable: regist_password /var/www/html/Application/Runtime/Cache/Home/755cf36b56bc15e9acb6695967d2a347.php 第 1683 行.
INFO: Run Behavior\ParseTemplateBehavior [ RunTime:0.009829s ]
INFO: [ view_parse ] --END-- [ RunTime:0.009869s ]
INFO: [ view_filter ] --START--
INFO: Run Behavior\WriteHtmlCacheBehavior [ RunTime:0.000146s ]
INFO: [ view_filter ] --END-- [ RunTime:0.000180s ]
INFO: [ app_end ] --START--
INFO: Run Behavior\ShowPageTraceBehavior [ RunTime:0.000319s ]
INFO: [ app_end ] --END-- [ RunTime:0.000361s ]

[ 2016-12-23T23:40:35+08:00 ] 182.254.86.154 /?signature=da0174e029d049fb1848747b8450c0517bbb007c&timestamp=1482507635&nonce=1602863264&openid=offLcwWI_gMFyklt5XwVIgVi5kEI
INFO: [ app_init ] --START--
INFO: Run Behavior\BuildLiteBehavior [ RunTime:0.000018s ]
INFO: [ app_init ] --END-- [ RunTime:0.000446s ]
INFO: [ app_begin ] --START--
INFO: Run Behavior\ReadHtmlCacheBehavior [ RunTime:0.000335s ]
INFO: [ app_begin ] --END-- [ RunTime:0.000381s ]
INFO: [ app_end ] --START--
INFO: Run Behavior\ShowPageTraceBehavior [ RunTime:0.000325s ]
INFO: [ app_end ] --END-- [ RunTime:0.000379s ]

[ 2016-12-23T23:40:36+08:00 ] 183.197.99.216 /index.php/home/moments/index?code=011tczjn1ohR6m0Hosjn16xQjn1tczja&state=1
INFO: [ app_init ] --START--
INFO: Run Behavior\BuildLiteBehavior [ RunTime:0.000014s ]
INFO: [ app_init ] --END-- [ RunTime:0.000244s ]
INFO: [ app_begin ] --START--
INFO: Run Behavior\ReadHtmlCacheBehavior [ RunTime:0.000283s ]
INFO: [ app_begin ] --END-- [ RunTime:0.000319s ]
NOTIC: [2] curl_errno() expects exactly 1 parameter, 0 given /var/www/html/Application/Home/Controller/MomentsController.class.php 第 154 行.
NOTIC: [2] curl_errno() expects exactly 1 parameter, 0 given /var/www/html/Application/Home/Controller/MomentsController.class.php 第 174 行.
SQL: SHOW COLUMNS FROM `xl_xiaolianarticle` [ RunTime:0.0005s ]
SQL: SELECT * FROM `xl_xiaolianarticle` ORDER BY xlaaddtime desc LIMIT 20   [ RunTime:0.0003s ]
INFO: [ view_parse ] --START--
INFO: [ template_filter ] --START--
INFO: Run Behavior\ContentReplaceBehavior [ RunTime:0.000066s ]
INFO: [ template_filter ] --END-- [ RunTime:0.000124s ]
INFO: Run Behavior\ParseTemplateBehavior [ RunTime:0.007225s ]
INFO: [ view_parse ] --END-- [ RunTime:0.007278s ]
INFO: [ view_filter ] --START--
INFO: Run Behavior\WriteHtmlCacheBehavior [ RunTime:0.000137s ]
INFO: [ view_filter ] --END-- [ RunTime:0.000174s ]
INFO: [ app_end ] --START--
INFO: Run Behavior\ShowPageTraceBehavior [ RunTime:0.000362s ]
INFO: [ app_end ] --END-- [ RunTime:0.000398s ]

[ 2016-12-23T23:40:39+08:00 ] 182.254.86.154 /?signature=0f1d3c0df57e022f808c33fcad1bfe0f8a146d20&timestamp=1482507639&nonce=1934358159&openid=offLcwWI_gMFyklt5XwVIgVi5kEI
INFO: [ app_init ] --START--
INFO: Run Behavior\BuildLiteBehavior [ RunTime:0.000019s ]
INFO: [ app_init ] --END-- [ RunTime:0.000374s ]
INFO: [ app_begin ] --START--
INFO: Run Behavior\ReadHtmlCacheBehavior [ RunTime:0.000403s ]
INFO: [ app_begin ] --END-- [ RunTime:0.000468s ]
INFO: [ app_end ] --START--
INFO: Run Behavior\ShowPageTraceBehavior [ RunTime:0.000456s ]
INFO: [ app_end ] --END-- [ RunTime:0.000517s ]

[ 2016-12-23T23:40:39+08:00 ] 183.197.99.216 /index.php/home/my/chat?code=031qm7JF0FYduh2fchKF0c1kJF0qm7JI&state=1
INFO: [ app_init ] --START--
INFO: Run Behavior\BuildLiteBehavior [ RunTime:0.000019s ]
INFO: [ app_init ] --END-- [ RunTime:0.000392s ]
INFO: [ app_begin ] --START--
INFO: Run Behavior\ReadHtmlCacheBehavior [ RunTime:0.000452s ]
INFO: [ app_begin ] --END-- [ RunTime:0.000550s ]
SQL: SHOW COLUMNS FROM `xl_user` [ RunTime:0.0007s ]
SQL: SELECT * FROM `xl_user` WHERE `openid` = 'offLcwWI_gMFyklt5XwVIgVi5kEI' LIMIT 1   [ RunTime:0.0002s ]
NOTIC: [8] Use of undefined constant user - assumed 'user' /var/www/html/Application/Home/Controller/MyController.class.php 第 441 行.
SQL: SELECT * FROM `xl_user` WHERE `openid` = 'offLcwWI_gMFyklt5XwVIgVi5kEI' LIMIT 1   [ RunTime:0.0002s ]
INFO: [ view_parse ] --START--
INFO: [ template_filter ] --START--
INFO: Run Behavior\ContentReplaceBehavior [ RunTime:0.000187s ]
INFO: [ template_filter ] --END-- [ RunTime:0.000260s ]
NOTIC: [8] Undefined variable: regist_username /var/www/html/Application/Runtime/Cache/Home/755cf36b56bc15e9acb6695967d2a347.php 第 1683 行.
NOTIC: [8] Undefined variable: regist_password /var/www/html/Application/Runtime/Cache/Home/755cf36b56bc15e9acb6695967d2a347.php 第 1683 行.
INFO: Run Behavior\ParseTemplateBehavior [ RunTime:0.014791s ]
INFO: [ view_parse ] --END-- [ RunTime:0.014842s ]
INFO: [ view_filter ] --START--
INFO: Run Behavior\WriteHtmlCacheBehavior [ RunTime:0.000156s ]
INFO: [ view_filter ] --END-- [ RunTime:0.000201s ]
INFO: [ app_end ] --START--
INFO: Run Behavior\ShowPageTraceBehavior [ RunTime:0.000442s ]
INFO: [ app_end ] --END-- [ RunTime:0.000500s ]

[ 2016-12-23T23:41:54+08:00 ] 182.254.86.139 /?signature=398c580e34a29d03d0051e7a7793fe9be71ab178&timestamp=1482507714&nonce=1336071187&openid=offLcwdWSmYAcieoTwtw4A7kEDkU
INFO: [ app_init ] --START--
INFO: Run Behavior\BuildLiteBehavior [ RunTime:0.000019s ]
INFO: [ app_init ] --END-- [ RunTime:0.000439s ]
INFO: [ app_begin ] --START--
INFO: Run Behavior\ReadHtmlCacheBehavior [ RunTime:0.000414s ]
INFO: [ app_begin ] --END-- [ RunTime:0.000467s ]
INFO: [ app_end ] --START--
INFO: Run Behavior\ShowPageTraceBehavior [ RunTime:0.000466s ]
INFO: [ app_end ] --END-- [ RunTime:0.000529s ]

[ 2016-12-23T23:42:20+08:00 ] 182.254.86.144 /?signature=46fe453ad63e8b7e5f0c8c01aaf0e92327d504b0&timestamp=1482507740&nonce=2065479237&openid=offLcwdWSmYAcieoTwtw4A7kEDkU
INFO: [ app_init ] --START--
INFO: Run Behavior\BuildLiteBehavior [ RunTime:0.000017s ]
INFO: [ app_init ] --END-- [ RunTime:0.000308s ]
INFO: [ app_begin ] --START--
INFO: Run Behavior\ReadHtmlCacheBehavior [ RunTime:0.000332s ]
INFO: [ app_begin ] --END-- [ RunTime:0.000370s ]
INFO: [ app_end ] --START--
INFO: Run Behavior\ShowPageTraceBehavior [ RunTime:0.000423s ]
INFO: [ app_end ] --END-- [ RunTime:0.000478s ]

[ 2016-12-23T23:43:19+08:00 ] 182.254.86.139 /?signature=c5aaf86f329346c2eb61673001c884a83650cb06&timestamp=1482507799&nonce=1070579506&openid=offLcwdWSmYAcieoTwtw4A7kEDkU
INFO: [ app_init ] --START--
INFO: Run Behavior\BuildLiteBehavior [ RunTime:0.000018s ]
INFO: [ app_init ] --END-- [ RunTime:0.000245s ]
INFO: [ app_begin ] --START--
INFO: Run Behavior\ReadHtmlCacheBehavior [ RunTime:0.000297s ]
INFO: [ app_begin ] --END-- [ RunTime:0.000333s ]
INFO: [ app_end ] --START--
INFO: Run Behavior\ShowPageTraceBehavior [ RunTime:0.000293s ]
INFO: [ app_end ] --END-- [ RunTime:0.000333s ]

[ 2016-12-23T23:43:23+08:00 ] 182.254.86.149 /?signature=c2dade0ba459696d3ea5162a54e1093369e3d6ea&timestamp=1482507803&nonce=1481554743&openid=offLcwWI_gMFyklt5XwVIgVi5kEI
INFO: [ app_init ] --START--
INFO: Run Behavior\BuildLiteBehavior [ RunTime:0.000019s ]
INFO: [ app_init ] --END-- [ RunTime:0.000401s ]
INFO: [ app_begin ] --START--
INFO: Run Behavior\ReadHtmlCacheBehavior [ RunTime:0.000350s ]
INFO: [ app_begin ] --END-- [ RunTime:0.000389s ]
INFO: [ app_end ] --START--
INFO: Run Behavior\ShowPageTraceBehavior [ RunTime:0.000391s ]
INFO: [ app_end ] --END-- [ RunTime:0.000439s ]

[ 2016-12-23T23:43:24+08:00 ] 183.197.99.216 /index.php/home/moments/index?code=031e2Qt82JOg2P0NzXq823G2u82e2Qtu&state=1
INFO: [ app_init ] --START--
INFO: Run Behavior\BuildLiteBehavior [ RunTime:0.000034s ]
INFO: [ app_init ] --END-- [ RunTime:0.000378s ]
INFO: [ app_begin ] --START--
INFO: Run Behavior\ReadHtmlCacheBehavior [ RunTime:0.000306s ]
INFO: [ app_begin ] --END-- [ RunTime:0.000345s ]
NOTIC: [2] curl_errno() expects exactly 1 parameter, 0 given /var/www/html/Application/Home/Controller/MomentsController.class.php 第 154 行.
NOTIC: [2] curl_errno() expects exactly 1 parameter, 0 given /var/www/html/Application/Home/Controller/MomentsController.class.php 第 174 行.
SQL: SHOW COLUMNS FROM `xl_xiaolianarticle` [ RunTime:0.0005s ]
SQL: SELECT * FROM `xl_xiaolianarticle` ORDER BY xlaaddtime desc LIMIT 20   [ RunTime:0.0003s ]
INFO: [ view_parse ] --START--
INFO: [ template_filter ] --START--
INFO: Run Behavior\ContentReplaceBehavior [ RunTime:0.000106s ]
INFO: [ template_filter ] --END-- [ RunTime:0.000154s ]
INFO: Run Behavior\ParseTemplateBehavior [ RunTime:0.007375s ]
INFO: [ view_parse ] --END-- [ RunTime:0.007425s ]
INFO: [ view_filter ] --START--
INFO: Run Behavior\WriteHtmlCacheBehavior [ RunTime:0.000123s ]
INFO: [ view_filter ] --END-- [ RunTime:0.000152s ]
INFO: [ app_end ] --START--
INFO: Run Behavior\ShowPageTraceBehavior [ RunTime:0.000384s ]
INFO: [ app_end ] --END-- [ RunTime:0.000435s ]

[ 2016-12-23T23:43:29+08:00 ] 23.247.27.123 /
INFO: [ app_init ] --START--
INFO: Run Behavior\BuildLiteBehavior [ RunTime:0.000013s ]
INFO: [ app_init ] --END-- [ RunTime:0.000286s ]
INFO: [ app_begin ] --START--
INFO: Run Behavior\ReadHtmlCacheBehavior [ RunTime:0.000354s ]
INFO: [ app_begin ] --END-- [ RunTime:0.000390s ]
NOTIC: [8] Undefined index: HTTP_RAW_POST_DATA /var/www/html/Application/Common/Library/WeChat.class.php 第 35 行.
NOTIC: [8] Trying to get property of non-object /var/www/html/Application/Home/Controller/IndexController.class.php 第 20 行.
NOTIC: [8] Trying to get property of non-object /var/www/html/Application/Home/Controller/IndexController.class.php 第 21 行.
NOTIC: [8] Trying to get property of non-object /var/www/html/Application/Home/Controller/IndexController.class.php 第 22 行.
NOTIC: [8] Trying to get property of non-object /var/www/html/Application/Home/Controller/IndexController.class.php 第 23 行.
INFO: [ app_end ] --START--
INFO: Run Behavior\ShowPageTraceBehavior [ RunTime:0.000289s ]
INFO: [ app_end ] --END-- [ RunTime:0.000322s ]

[ 2016-12-23T23:43:31+08:00 ] 182.254.86.144 /?signature=502f7274ed532205871d590a48ef94d0946aefce&timestamp=1482507811&nonce=2022913548&openid=offLcwWI_gMFyklt5XwVIgVi5kEI
INFO: [ app_init ] --START--
INFO: Run Behavior\BuildLiteBehavior [ RunTime:0.000021s ]
INFO: [ app_init ] --END-- [ RunTime:0.000422s ]
INFO: [ app_begin ] --START--
INFO: Run Behavior\ReadHtmlCacheBehavior [ RunTime:0.000456s ]
INFO: [ app_begin ] --END-- [ RunTime:0.000515s ]
INFO: [ app_end ] --START--
INFO: Run Behavior\ShowPageTraceBehavior [ RunTime:0.000502s ]
INFO: [ app_end ] --END-- [ RunTime:0.000576s ]

[ 2016-12-23T23:43:31+08:00 ] 183.197.99.216 /index.php/home/my/chat?code=041DwyJ02U6YLY0fHPG02pKtJ02DwyJP&state=1
INFO: [ app_init ] --START--
INFO: Run Behavior\BuildLiteBehavior [ RunTime:0.000019s ]
INFO: [ app_init ] --END-- [ RunTime:0.000390s ]
INFO: [ app_begin ] --START--
INFO: Run Behavior\ReadHtmlCacheBehavior [ RunTime:0.000440s ]
INFO: [ app_begin ] --END-- [ RunTime:0.000496s ]
SQL: SHOW COLUMNS FROM `xl_user` [ RunTime:0.0007s ]
SQL: SELECT * FROM `xl_user` WHERE `openid` = 'offLcwWI_gMFyklt5XwVIgVi5kEI' LIMIT 1   [ RunTime:0.0002s ]
NOTIC: [8] Use of undefined constant user - assumed 'user' /var/www/html/Application/Home/Controller/MyController.class.php 第 441 行.
SQL: SELECT * FROM `xl_user` WHERE `openid` = 'offLcwWI_gMFyklt5XwVIgVi5kEI' LIMIT 1   [ RunTime:0.0003s ]
INFO: [ view_parse ] --START--
INFO: [ template_filter ] --START--
INFO: Run Behavior\ContentReplaceBehavior [ RunTime:0.000196s ]
INFO: [ template_filter ] --END-- [ RunTime:0.000261s ]
NOTIC: [8] Undefined variable: regist_username /var/www/html/Application/Runtime/Cache/Home/755cf36b56bc15e9acb6695967d2a347.php 第 1683 行.
NOTIC: [8] Undefined variable: regist_password /var/www/html/Application/Runtime/Cache/Home/755cf36b56bc15e9acb6695967d2a347.php 第 1683 行.
INFO: Run Behavior\ParseTemplateBehavior [ RunTime:0.011459s ]
INFO: [ view_parse ] --END-- [ RunTime:0.011500s ]
INFO: [ view_filter ] --START--
INFO: Run Behavior\WriteHtmlCacheBehavior [ RunTime:0.000132s ]
INFO: [ view_filter ] --END-- [ RunTime:0.000164s ]
INFO: [ app_end ] --START--
INFO: Run Behavior\ShowPageTraceBehavior [ RunTime:0.000381s ]
INFO: [ app_end ] --END-- [ RunTime:0.000428s ]

[ 2016-12-23T23:43:53+08:00 ] 182.254.86.149 /?signature=39dec292dce20a6ef105fa54c3e5ff07a64c9555&timestamp=1482507833&nonce=1304107776&openid=offLcwdWSmYAcieoTwtw4A7kEDkU
INFO: [ app_init ] --START--
INFO: Run Behavior\BuildLiteBehavior [ RunTime:0.000018s ]
INFO: [ app_init ] --END-- [ RunTime:0.000344s ]
INFO: [ app_begin ] --START--
INFO: Run Behavior\ReadHtmlCacheBehavior [ RunTime:0.000421s ]
INFO: [ app_begin ] --END-- [ RunTime:0.000471s ]
INFO: [ app_end ] --START--
INFO: Run Behavior\ShowPageTraceBehavior [ RunTime:0.000588s ]
INFO: [ app_end ] --END-- [ RunTime:0.000654s ]

[ 2016-12-23T23:44:14+08:00 ] 182.254.86.149 /?signature=15d35876849caefa90d1b06d05a8569a839f5882&timestamp=1482507854&nonce=588813954&openid=offLcwWI_gMFyklt5XwVIgVi5kEI
INFO: [ app_init ] --START--
INFO: Run Behavior\BuildLiteBehavior [ RunTime:0.000012s ]
INFO: [ app_init ] --END-- [ RunTime:0.000236s ]
INFO: [ app_begin ] --START--
INFO: Run Behavior\ReadHtmlCacheBehavior [ RunTime:0.000279s ]
INFO: [ app_begin ] --END-- [ RunTime:0.000332s ]
INFO: [ app_end ] --START--
INFO: Run Behavior\ShowPageTraceBehavior [ RunTime:0.000296s ]
INFO: [ app_end ] --END-- [ RunTime:0.000353s ]

[ 2016-12-23T23:44:14+08:00 ] 183.197.99.216 /index.php/home/my/chat?code=041oy3Ua0CkYQu1ph5Sa0qAqUa0oy3Uy&state=1
INFO: [ app_init ] --START--
INFO: Run Behavior\BuildLiteBehavior [ RunTime:0.000016s ]
INFO: [ app_init ] --END-- [ RunTime:0.000255s ]
INFO: [ app_begin ] --START--
INFO: Run Behavior\ReadHtmlCacheBehavior [ RunTime:0.000339s ]
INFO: [ app_begin ] --END-- [ RunTime:0.000389s ]
NOTIC: [8] Use of undefined constant user - assumed 'user' /var/www/html/Application/Home/Controller/MyController.class.php 第 441 行.
SQL: SHOW COLUMNS FROM `xl_user` [ RunTime:0.0006s ]
SQL: SELECT * FROM `xl_user` WHERE `openid` = 'offLcwWI_gMFyklt5XwVIgVi5kEI' LIMIT 1   [ RunTime:0.0002s ]
INFO: [ view_parse ] --START--
INFO: [ template_filter ] --START--
INFO: Run Behavior\ContentReplaceBehavior [ RunTime:0.000150s ]
INFO: [ template_filter ] --END-- [ RunTime:0.000220s ]
NOTIC: [8] Undefined variable: regist_username /var/www/html/Application/Runtime/Cache/Home/755cf36b56bc15e9acb6695967d2a347.php 第 1683 行.
NOTIC: [8] Undefined variable: regist_password /var/www/html/Application/Runtime/Cache/Home/755cf36b56bc15e9acb6695967d2a347.php 第 1683 行.
INFO: Run Behavior\ParseTemplateBehavior [ RunTime:0.010745s ]
INFO: [ view_parse ] --END-- [ RunTime:0.010787s ]
INFO: [ view_filter ] --START--
INFO: Run Behavior\WriteHtmlCacheBehavior [ RunTime:0.000156s ]
INFO: [ view_filter ] --END-- [ RunTime:0.000193s ]
INFO: [ app_end ] --START--
INFO: Run Behavior\ShowPageTraceBehavior [ RunTime:0.000363s ]
INFO: [ app_end ] --END-- [ RunTime:0.000409s ]

[ 2016-12-23T23:45:30+08:00 ] 182.254.86.149 /?signature=cfc403b8dfa568f34d9452b84f31beafb2561239&timestamp=1482507930&nonce=1403472639&openid=offLcwWI_gMFyklt5XwVIgVi5kEI
INFO: [ app_init ] --START--
INFO: Run Behavior\BuildLiteBehavior [ RunTime:0.000019s ]
INFO: [ app_init ] --END-- [ RunTime:0.000338s ]
INFO: [ app_begin ] --START--
INFO: Run Behavior\ReadHtmlCacheBehavior [ RunTime:0.000476s ]
INFO: [ app_begin ] --END-- [ RunTime:0.000532s ]
INFO: [ app_end ] --START--
INFO: Run Behavior\ShowPageTraceBehavior [ RunTime:0.000787s ]
INFO: [ app_end ] --END-- [ RunTime:0.000850s ]

[ 2016-12-23T23:45:30+08:00 ] 183.197.99.216 /index.php/home/my/chat?code=011S5pFm00pRUn1wr0Fm0oPAFm0S5pFZ&state=1
INFO: [ app_init ] --START--
INFO: Run Behavior\BuildLiteBehavior [ RunTime:0.000014s ]
INFO: [ app_init ] --END-- [ RunTime:0.000301s ]
INFO: [ app_begin ] --START--
INFO: Run Behavior\ReadHtmlCacheBehavior [ RunTime:0.000324s ]
INFO: [ app_begin ] --END-- [ RunTime:0.000359s ]
NOTIC: [8] Use of undefined constant user - assumed 'user' /var/www/html/Application/Home/Controller/MyController.class.php 第 441 行.
SQL: SHOW COLUMNS FROM `xl_user` [ RunTime:0.0006s ]
SQL: SELECT * FROM `xl_user` WHERE `openid` = 'offLcwWI_gMFyklt5XwVIgVi5kEI' LIMIT 1   [ RunTime:0.0002s ]
INFO: [ view_parse ] --START--
INFO: [ template_filter ] --START--
INFO: Run Behavior\ContentReplaceBehavior [ RunTime:0.000162s ]
INFO: [ template_filter ] --END-- [ RunTime:0.000229s ]
NOTIC: [8] Undefined variable: regist_username /var/www/html/Application/Runtime/Cache/Home/755cf36b56bc15e9acb6695967d2a347.php 第 1683 行.
NOTIC: [8] Undefined variable: regist_password /var/www/html/Application/Runtime/Cache/Home/755cf36b56bc15e9acb6695967d2a347.php 第 1683 行.
INFO: Run Behavior\ParseTemplateBehavior [ RunTime:0.011140s ]
INFO: [ view_parse ] --END-- [ RunTime:0.011198s ]
INFO: [ view_filter ] --START--
INFO: Run Behavior\WriteHtmlCacheBehavior [ RunTime:0.000136s ]
INFO: [ view_filter ] --END-- [ RunTime:0.000175s ]
INFO: [ app_end ] --START--
INFO: Run Behavior\ShowPageTraceBehavior [ RunTime:0.000384s ]
INFO: [ app_end ] --END-- [ RunTime:0.000420s ]

[ 2016-12-23T23:45:43+08:00 ] 182.254.86.154 /?signature=718881ebaef388a293b59df141707316520b27a6&timestamp=1482507943&nonce=1959963136&openid=offLcwWI_gMFyklt5XwVIgVi5kEI
INFO: [ app_init ] --START--
INFO: Run Behavior\BuildLiteBehavior [ RunTime:0.000018s ]
INFO: [ app_init ] --END-- [ RunTime:0.000359s ]
INFO: [ app_begin ] --START--
INFO: Run Behavior\ReadHtmlCacheBehavior [ RunTime:0.000470s ]
INFO: [ app_begin ] --END-- [ RunTime:0.000530s ]
INFO: [ app_end ] --START--
INFO: Run Behavior\ShowPageTraceBehavior [ RunTime:0.000420s ]
INFO: [ app_end ] --END-- [ RunTime:0.000487s ]

[ 2016-12-23T23:45:44+08:00 ] 183.197.99.216 /index.php/home/my/chat?code=0410ADXF19BFj40h4P0G100VXF10ADXI&state=1
INFO: [ app_init ] --START--
INFO: Run Behavior\BuildLiteBehavior [ RunTime:0.000013s ]
INFO: [ app_init ] --END-- [ RunTime:0.000262s ]
INFO: [ app_begin ] --START--
INFO: Run Behavior\ReadHtmlCacheBehavior [ RunTime:0.000273s ]
INFO: [ app_begin ] --END-- [ RunTime:0.000309s ]
NOTIC: [8] Use of undefined constant user - assumed 'user' /var/www/html/Application/Home/Controller/MyController.class.php 第 441 行.
SQL: SHOW COLUMNS FROM `xl_user` [ RunTime:0.0005s ]
SQL: SELECT * FROM `xl_user` WHERE `openid` = 'offLcwWI_gMFyklt5XwVIgVi5kEI' LIMIT 1   [ RunTime:0.0002s ]
INFO: [ view_parse ] --START--
INFO: [ template_filter ] --START--
INFO: Run Behavior\ContentReplaceBehavior [ RunTime:0.000154s ]
INFO: [ template_filter ] --END-- [ RunTime:0.000222s ]
NOTIC: [8] Undefined variable: regist_username /var/www/html/Application/Runtime/Cache/Home/755cf36b56bc15e9acb6695967d2a347.php 第 1683 行.
NOTIC: [8] Undefined variable: regist_password /var/www/html/Application/Runtime/Cache/Home/755cf36b56bc15e9acb6695967d2a347.php 第 1683 行.
INFO: Run Behavior\ParseTemplateBehavior [ RunTime:0.009517s ]
INFO: [ view_parse ] --END-- [ RunTime:0.009548s ]
INFO: [ view_filter ] --START--
INFO: Run Behavior\WriteHtmlCacheBehavior [ RunTime:0.000116s ]
INFO: [ view_filter ] --END-- [ RunTime:0.000145s ]
INFO: [ app_end ] --START--
INFO: Run Behavior\ShowPageTraceBehavior [ RunTime:0.000404s ]
INFO: [ app_end ] --END-- [ RunTime:0.000440s ]

[ 2016-12-23T23:48:26+08:00 ] 182.254.86.149 /?signature=3b24d2b71c87e335d14f59027f7e5dc8aaa16ff2&timestamp=1482508106&nonce=891723071&openid=offLcwWI_gMFyklt5XwVIgVi5kEI
INFO: [ app_init ] --START--
INFO: Run Behavior\BuildLiteBehavior [ RunTime:0.000018s ]
INFO: [ app_init ] --END-- [ RunTime:0.000346s ]
INFO: [ app_begin ] --START--
INFO: Run Behavior\ReadHtmlCacheBehavior [ RunTime:0.000551s ]
INFO: [ app_begin ] --END-- [ RunTime:0.000606s ]
INFO: [ app_end ] --START--
INFO: Run Behavior\ShowPageTraceBehavior [ RunTime:0.000465s ]
INFO: [ app_end ] --END-- [ RunTime:0.000540s ]

[ 2016-12-23T23:48:27+08:00 ] 183.197.99.216 /index.php/home/my/chat?code=011PjIwV0Pq6sX1viMvV0IlBwV0PjIwj&state=1
INFO: [ app_init ] --START--
INFO: Run Behavior\BuildLiteBehavior [ RunTime:0.000017s ]
INFO: [ app_init ] --END-- [ RunTime:0.000251s ]
INFO: [ app_begin ] --START--
INFO: Run Behavior\ReadHtmlCacheBehavior [ RunTime:0.000322s ]
INFO: [ app_begin ] --END-- [ RunTime:0.000369s ]
NOTIC: [8] Use of undefined constant user - assumed 'user' /var/www/html/Application/Home/Controller/MyController.class.php 第 441 行.
SQL: SHOW COLUMNS FROM `xl_user` [ RunTime:0.0005s ]
SQL: SELECT * FROM `xl_user` WHERE `openid` = 'offLcwWI_gMFyklt5XwVIgVi5kEI' LIMIT 1   [ RunTime:0.0002s ]
INFO: [ view_parse ] --START--
INFO: [ template_filter ] --START--
INFO: Run Behavior\ContentReplaceBehavior [ RunTime:0.000139s ]
INFO: [ template_filter ] --END-- [ RunTime:0.000199s ]
NOTIC: [8] Undefined variable: regist_username /var/www/html/Application/Runtime/Cache/Home/755cf36b56bc15e9acb6695967d2a347.php 第 1683 行.
NOTIC: [8] Undefined variable: regist_password /var/www/html/Application/Runtime/Cache/Home/755cf36b56bc15e9acb6695967d2a347.php 第 1683 行.
INFO: Run Behavior\ParseTemplateBehavior [ RunTime:0.010753s ]
INFO: [ view_parse ] --END-- [ RunTime:0.010788s ]
INFO: [ view_filter ] --START--
INFO: Run Behavior\WriteHtmlCacheBehavior [ RunTime:0.000117s ]
INFO: [ view_filter ] --END-- [ RunTime:0.000144s ]
INFO: [ app_end ] --START--
INFO: Run Behavior\ShowPageTraceBehavior [ RunTime:0.000382s ]
INFO: [ app_end ] --END-- [ RunTime:0.000418s ]

[ 2016-12-23T23:49:11+08:00 ] 182.254.86.149 /?signature=56605a167a0319f6ddc120de7df8106324a66827&timestamp=1482508151&nonce=1117286501&openid=offLcwdWSmYAcieoTwtw4A7kEDkU
INFO: [ app_init ] --START--
INFO: Run Behavior\BuildLiteBehavior [ RunTime:0.000014s ]
INFO: [ app_init ] --END-- [ RunTime:0.000302s ]
INFO: [ app_begin ] --START--
INFO: Run Behavior\ReadHtmlCacheBehavior [ RunTime:0.000286s ]
INFO: [ app_begin ] --END-- [ RunTime:0.000323s ]
INFO: [ app_end ] --START--
INFO: Run Behavior\ShowPageTraceBehavior [ RunTime:0.000362s ]
INFO: [ app_end ] --END-- [ RunTime:0.000406s ]

[ 2016-12-23T23:49:47+08:00 ] 182.254.86.154 /?signature=cb125d1174ff24c3f70d30c08dc791d661d5de27&timestamp=1482508187&nonce=539533156&openid=offLcwdWSmYAcieoTwtw4A7kEDkU
INFO: [ app_init ] --START--
INFO: Run Behavior\BuildLiteBehavior [ RunTime:0.000017s ]
INFO: [ app_init ] --END-- [ RunTime:0.000398s ]
INFO: [ app_begin ] --START--
INFO: Run Behavior\ReadHtmlCacheBehavior [ RunTime:0.000385s ]
INFO: [ app_begin ] --END-- [ RunTime:0.000434s ]
INFO: [ app_end ] --START--
INFO: Run Behavior\ShowPageTraceBehavior [ RunTime:0.000396s ]
INFO: [ app_end ] --END-- [ RunTime:0.000463s ]

[ 2016-12-23T23:49:52+08:00 ] 182.254.86.149 /?signature=6abe6a52e1e417d99beef6ce5c174a7d3d94d74b&timestamp=1482508192&nonce=1043249212&openid=offLcwdWSmYAcieoTwtw4A7kEDkU
INFO: [ app_init ] --START--
INFO: Run Behavior\BuildLiteBehavior [ RunTime:0.000020s ]
INFO: [ app_init ] --END-- [ RunTime:0.000358s ]
INFO: [ app_begin ] --START--
INFO: Run Behavior\ReadHtmlCacheBehavior [ RunTime:0.000416s ]
INFO: [ app_begin ] --END-- [ RunTime:0.000486s ]
INFO: [ app_end ] --START--
INFO: Run Behavior\ShowPageTraceBehavior [ RunTime:0.000429s ]
INFO: [ app_end ] --END-- [ RunTime:0.000511s ]

[ 2016-12-23T23:50:32+08:00 ] 182.254.86.154 /?signature=32a44ed9bcca12c57e2d6d4d6de5872f2102fc4f&timestamp=1482508232&nonce=1531058189&openid=offLcwdWSmYAcieoTwtw4A7kEDkU
INFO: [ app_init ] --START--
INFO: Run Behavior\BuildLiteBehavior [ RunTime:0.000017s ]
INFO: [ app_init ] --END-- [ RunTime:0.000258s ]
INFO: [ app_begin ] --START--
INFO: Run Behavior\ReadHtmlCacheBehavior [ RunTime:0.000382s ]
INFO: [ app_begin ] --END-- [ RunTime:0.000431s ]
INFO: [ app_end ] --START--
INFO: Run Behavior\ShowPageTraceBehavior [ RunTime:0.000357s ]
INFO: [ app_end ] --END-- [ RunTime:0.000407s ]

[ 2016-12-23T23:50:38+08:00 ] 182.254.86.144 /?signature=0cd26900e06f57e97b910f1b3bbf4538681a368b&timestamp=1482508238&nonce=2143040847&openid=offLcwdWSmYAcieoTwtw4A7kEDkU
INFO: [ app_init ] --START--
INFO: Run Behavior\BuildLiteBehavior [ RunTime:0.000016s ]
INFO: [ app_init ] --END-- [ RunTime:0.000264s ]
INFO: [ app_begin ] --START--
INFO: Run Behavior\ReadHtmlCacheBehavior [ RunTime:0.000312s ]
INFO: [ app_begin ] --END-- [ RunTime:0.000352s ]
INFO: [ app_end ] --START--
INFO: Run Behavior\ShowPageTraceBehavior [ RunTime:0.000352s ]
INFO: [ app_end ] --END-- [ RunTime:0.000400s ]

[ 2016-12-23T23:50:49+08:00 ] 182.254.86.144 /?signature=674328254d6df98c8b5ecae6595791f93b8d8d7d&timestamp=1482508249&nonce=901196525&openid=offLcwdWSmYAcieoTwtw4A7kEDkU
INFO: [ app_init ] --START--
INFO: Run Behavior\BuildLiteBehavior [ RunTime:0.000019s ]
INFO: [ app_init ] --END-- [ RunTime:0.000372s ]
INFO: [ app_begin ] --START--
INFO: Run Behavior\ReadHtmlCacheBehavior [ RunTime:0.000450s ]
INFO: [ app_begin ] --END-- [ RunTime:0.000507s ]
INFO: [ app_end ] --START--
INFO: Run Behavior\ShowPageTraceBehavior [ RunTime:0.000574s ]
INFO: [ app_end ] --END-- [ RunTime:0.000664s ]

[ 2016-12-23T23:50:58+08:00 ] 182.254.86.139 /?signature=0012b4928e13dd05f559ac855df2d7b5e83da907&timestamp=1482508258&nonce=1735825239&openid=offLcwdWSmYAcieoTwtw4A7kEDkU
INFO: [ app_init ] --START--
INFO: Run Behavior\BuildLiteBehavior [ RunTime:0.000058s ]
INFO: [ app_init ] --END-- [ RunTime:0.000327s ]
INFO: [ app_begin ] --START--
INFO: Run Behavior\ReadHtmlCacheBehavior [ RunTime:0.000467s ]
INFO: [ app_begin ] --END-- [ RunTime:0.000513s ]
INFO: [ app_end ] --START--
INFO: Run Behavior\ShowPageTraceBehavior [ RunTime:0.000482s ]
INFO: [ app_end ] --END-- [ RunTime:0.000552s ]

[ 2016-12-23T23:53:01+08:00 ] 182.254.86.147 /?signature=0f1a969c113a71c48706ba51a6e7e18483f0287b&timestamp=1482508381&nonce=2076313328&openid=offLcwdWSmYAcieoTwtw4A7kEDkU
INFO: [ app_init ] --START--
INFO: Run Behavior\BuildLiteBehavior [ RunTime:0.000016s ]
INFO: [ app_init ] --END-- [ RunTime:0.000485s ]
INFO: [ app_begin ] --START--
INFO: Run Behavior\ReadHtmlCacheBehavior [ RunTime:0.000401s ]
INFO: [ app_begin ] --END-- [ RunTime:0.000451s ]
INFO: [ app_end ] --START--
INFO: Run Behavior\ShowPageTraceBehavior [ RunTime:0.000427s ]
INFO: [ app_end ] --END-- [ RunTime:0.000578s ]

[ 2016-12-23T23:57:17+08:00 ] 182.254.86.139 /?signature=895d04201c6f3bec45ed1f7343cdef5be5b6b696&timestamp=1482508637&nonce=1357027573&openid=offLcwdWSmYAcieoTwtw4A7kEDkU
INFO: [ app_init ] --START--
INFO: Run Behavior\BuildLiteBehavior [ RunTime:0.000013s ]
INFO: [ app_init ] --END-- [ RunTime:0.000370s ]
INFO: [ app_begin ] --START--
INFO: Run Behavior\ReadHtmlCacheBehavior [ RunTime:0.000358s ]
INFO: [ app_begin ] --END-- [ RunTime:0.000413s ]
INFO: [ app_end ] --START--
INFO: Run Behavior\ShowPageTraceBehavior [ RunTime:0.000355s ]
INFO: [ app_end ] --END-- [ RunTime:0.000409s ]

[ 2016-12-23T23:57:18+08:00 ] 123.151.40.34 /index.php/home/my/chat?code=031ruF1725Or5N0Ws81727f4272ruF12&state=1
INFO: [ app_init ] --START--
INFO: Run Behavior\BuildLiteBehavior [ RunTime:0.000013s ]
INFO: [ app_init ] --END-- [ RunTime:0.000231s ]
INFO: [ app_begin ] --START--
INFO: Run Behavior\ReadHtmlCacheBehavior [ RunTime:0.000298s ]
INFO: [ app_begin ] --END-- [ RunTime:0.000335s ]
INFO: [ view_parse ] --START--
INFO: [ template_filter ] --START--
INFO: Run Behavior\ContentReplaceBehavior [ RunTime:0.000128s ]
INFO: [ template_filter ] --END-- [ RunTime:0.000191s ]
INFO: Run Behavior\ParseTemplateBehavior [ RunTime:0.007391s ]
INFO: [ view_parse ] --END-- [ RunTime:0.007427s ]
INFO: [ view_filter ] --START--
INFO: Run Behavior\WriteHtmlCacheBehavior [ RunTime:0.000121s ]
INFO: [ view_filter ] --END-- [ RunTime:0.000148s ]

[ 2016-12-23T23:57:18+08:00 ] 123.151.152.151 /
INFO: [ app_init ] --START--
INFO: Run Behavior\BuildLiteBehavior [ RunTime:0.000014s ]
INFO: [ app_init ] --END-- [ RunTime:0.000278s ]
INFO: [ app_begin ] --START--
INFO: Run Behavior\ReadHtmlCacheBehavior [ RunTime:0.000376s ]
INFO: [ app_begin ] --END-- [ RunTime:0.000428s ]
NOTIC: [8] Undefined index: HTTP_RAW_POST_DATA /var/www/html/Application/Common/Library/WeChat.class.php 第 35 行.
NOTIC: [8] Trying to get property of non-object /var/www/html/Application/Home/Controller/IndexController.class.php 第 20 行.
NOTIC: [8] Trying to get property of non-object /var/www/html/Application/Home/Controller/IndexController.class.php 第 21 行.
NOTIC: [8] Trying to get property of non-object /var/www/html/Application/Home/Controller/IndexController.class.php 第 22 行.
NOTIC: [8] Trying to get property of non-object /var/www/html/Application/Home/Controller/IndexController.class.php 第 23 行.
INFO: [ app_end ] --START--
INFO: Run Behavior\ShowPageTraceBehavior [ RunTime:0.000354s ]
INFO: [ app_end ] --END-- [ RunTime:0.000388s ]

[ 2016-12-23T23:57:19+08:00 ] 111.30.137.183 /
INFO: [ app_init ] --START--
INFO: Run Behavior\BuildLiteBehavior [ RunTime:0.000013s ]
INFO: [ app_init ] --END-- [ RunTime:0.000237s ]
INFO: [ app_begin ] --START--
INFO: Run Behavior\ReadHtmlCacheBehavior [ RunTime:0.000369s ]
INFO: [ app_begin ] --END-- [ RunTime:0.000414s ]
NOTIC: [8] Undefined index: HTTP_RAW_POST_DATA /var/www/html/Application/Common/Library/WeChat.class.php 第 35 行.
NOTIC: [8] Trying to get property of non-object /var/www/html/Application/Home/Controller/IndexController.class.php 第 20 行.
NOTIC: [8] Trying to get property of non-object /var/www/html/Application/Home/Controller/IndexController.class.php 第 21 行.
NOTIC: [8] Trying to get property of non-object /var/www/html/Application/Home/Controller/IndexController.class.php 第 22 行.
NOTIC: [8] Trying to get property of non-object /var/www/html/Application/Home/Controller/IndexController.class.php 第 23 行.
INFO: [ app_end ] --START--
INFO: Run Behavior\ShowPageTraceBehavior [ RunTime:0.000371s ]
INFO: [ app_end ] --END-- [ RunTime:0.000421s ]

[ 2016-12-23T23:57:22+08:00 ] 123.151.40.34 /home/news/index
INFO: [ app_init ] --START--
INFO: Run Behavior\BuildLiteBehavior [ RunTime:0.000019s ]
INFO: [ app_init ] --END-- [ RunTime:0.000325s ]
INFO: [ app_begin ] --START--
INFO: Run Behavior\ReadHtmlCacheBehavior [ RunTime:0.000367s ]
INFO: [ app_begin ] --END-- [ RunTime:0.000427s ]
NOTIC: [2] curl_errno() expects exactly 1 parameter, 0 given /var/www/html/Application/Home/Controller/NewsController.class.php 第 102 行.
NOTIC: [8] Undefined property: stdClass::$access_token /var/www/html/Application/Home/Controller/NewsController.class.php 第 106 行.
NOTIC: [8] Undefined property: stdClass::$openid /var/www/html/Application/Home/Controller/NewsController.class.php 第 107 行.
NOTIC: [2] curl_errno() expects exactly 1 parameter, 0 given /var/www/html/Application/Home/Controller/NewsController.class.php 第 122 行.
NOTIC: [8] Undefined property: stdClass::$openid /var/www/html/Application/Home/Controller/NewsController.class.php 第 128 行.
NOTIC: [8] Undefined property: stdClass::$nickname /var/www/html/Application/Home/Controller/NewsController.class.php 第 129 行.
NOTIC: [8] Undefined property: stdClass::$headimgurl /var/www/html/Application/Home/Controller/NewsController.class.php 第 130 行.
NOTIC: [8] Undefined property: stdClass::$sex /var/www/html/Application/Home/Controller/NewsController.class.php 第 131 行.
SQL: SHOW COLUMNS FROM `xl_topline` [ RunTime:0.0005s ]
SQL: SELECT * FROM `xl_topline` ORDER BY tladdtime desc LIMIT 15   [ RunTime:0.0003s ]
INFO: [ view_parse ] --START--
INFO: [ template_filter ] --START--
INFO: Run Behavior\ContentReplaceBehavior [ RunTime:0.000069s ]
INFO: [ template_filter ] --END-- [ RunTime:0.000189s ]
INFO: Run Behavior\ParseTemplateBehavior [ RunTime:0.006606s ]
INFO: [ view_parse ] --END-- [ RunTime:0.006655s ]
INFO: [ view_filter ] --START--
INFO: Run Behavior\WriteHtmlCacheBehavior [ RunTime:0.000146s ]
INFO: [ view_filter ] --END-- [ RunTime:0.000184s ]
INFO: [ app_end ] --START--
INFO: Run Behavior\ShowPageTraceBehavior [ RunTime:0.000393s ]
INFO: [ app_end ] --END-- [ RunTime:0.000443s ]

[ 2016-12-23T23:57:23+08:00 ] 182.254.86.152 /?signature=c4650babb286ab22d8c37664f0e7594e05297982&timestamp=1482508643&nonce=723551499&openid=offLcwdWSmYAcieoTwtw4A7kEDkU
INFO: [ app_init ] --START--
INFO: Run Behavior\BuildLiteBehavior [ RunTime:0.000014s ]
INFO: [ app_init ] --END-- [ RunTime:0.000312s ]
INFO: [ app_begin ] --START--
INFO: Run Behavior\ReadHtmlCacheBehavior [ RunTime:0.000356s ]
INFO: [ app_begin ] --END-- [ RunTime:0.000411s ]
INFO: [ app_end ] --START--
INFO: Run Behavior\ShowPageTraceBehavior [ RunTime:0.000313s ]
INFO: [ app_end ] --END-- [ RunTime:0.000355s ]

[ 2016-12-23T23:57:24+08:00 ] 123.151.40.34 /index.php/home/my/getinfo?code=011u9RfJ0BXdNk2V1NeJ0ZqSfJ0u9RfM&state=1
INFO: [ app_init ] --START--
INFO: Run Behavior\BuildLiteBehavior [ RunTime:0.000020s ]
INFO: [ app_init ] --END-- [ RunTime:0.000598s ]
INFO: [ app_begin ] --START--
INFO: Run Behavior\ReadHtmlCacheBehavior [ RunTime:0.000526s ]
INFO: [ app_begin ] --END-- [ RunTime:0.000588s ]
INFO: [ view_parse ] --START--
INFO: [ template_filter ] --START--
INFO: Run Behavior\ContentReplaceBehavior [ RunTime:0.000146s ]
INFO: [ template_filter ] --END-- [ RunTime:0.000213s ]
INFO: Run Behavior\ParseTemplateBehavior [ RunTime:0.010862s ]
INFO: [ view_parse ] --END-- [ RunTime:0.010913s ]
INFO: [ view_filter ] --START--
INFO: Run Behavior\WriteHtmlCacheBehavior [ RunTime:0.000116s ]
INFO: [ view_filter ] --END-- [ RunTime:0.000146s ]

[ 2016-12-23T23:57:27+08:00 ] 182.254.86.154 /?signature=a175858766eb2d56c30537142a16fe2a5677758d&timestamp=1482508647&nonce=451512816&openid=offLcwdWSmYAcieoTwtw4A7kEDkU
INFO: [ app_init ] --START--
INFO: Run Behavior\BuildLiteBehavior [ RunTime:0.000015s ]
INFO: [ app_init ] --END-- [ RunTime:0.000307s ]
INFO: [ app_begin ] --START--
INFO: Run Behavior\ReadHtmlCacheBehavior [ RunTime:0.000372s ]
INFO: [ app_begin ] --END-- [ RunTime:0.000413s ]
INFO: [ app_end ] --START--
INFO: Run Behavior\ShowPageTraceBehavior [ RunTime:0.000481s ]
INFO: [ app_end ] --END-- [ RunTime:0.000541s ]

[ 2016-12-23T23:57:28+08:00 ] 123.151.40.34 /index.php/home/moments/index?code=011zHcii2MNT4G0BKlji22yZhi2zHciE&state=1
INFO: [ app_init ] --START--
INFO: Run Behavior\BuildLiteBehavior [ RunTime:0.000013s ]
INFO: [ app_init ] --END-- [ RunTime:0.000235s ]
INFO: [ app_begin ] --START--
INFO: Run Behavior\ReadHtmlCacheBehavior [ RunTime:0.000548s ]
INFO: [ app_begin ] --END-- [ RunTime:0.000604s ]
NOTIC: [2] curl_errno() expects exactly 1 parameter, 0 given /var/www/html/Application/Home/Controller/MomentsController.class.php 第 154 行.
NOTIC: [2] curl_errno() expects exactly 1 parameter, 0 given /var/www/html/Application/Home/Controller/MomentsController.class.php 第 174 行.
SQL: SHOW COLUMNS FROM `xl_xiaolianarticle` [ RunTime:0.0005s ]
SQL: SELECT * FROM `xl_xiaolianarticle` ORDER BY xlaaddtime desc LIMIT 20   [ RunTime:0.0003s ]
INFO: [ view_parse ] --START--
INFO: [ template_filter ] --START--
INFO: Run Behavior\ContentReplaceBehavior [ RunTime:0.000071s ]
INFO: [ template_filter ] --END-- [ RunTime:0.000118s ]
INFO: Run Behavior\ParseTemplateBehavior [ RunTime:0.007098s ]
INFO: [ view_parse ] --END-- [ RunTime:0.007138s ]
INFO: [ view_filter ] --START--
INFO: Run Behavior\WriteHtmlCacheBehavior [ RunTime:0.000121s ]
INFO: [ view_filter ] --END-- [ RunTime:0.000151s ]
INFO: [ app_end ] --START--
INFO: Run Behavior\ShowPageTraceBehavior [ RunTime:0.000481s ]
INFO: [ app_end ] --END-- [ RunTime:0.000522s ]

[ 2016-12-23T23:57:31+08:00 ] 182.254.86.139 /?signature=6f25cf5966fee7efd82111765b05385103979c3d&timestamp=1482508651&nonce=376944307&openid=offLcwdWSmYAcieoTwtw4A7kEDkU
INFO: [ app_init ] --START--
INFO: Run Behavior\BuildLiteBehavior [ RunTime:0.000017s ]
INFO: [ app_init ] --END-- [ RunTime:0.000316s ]
INFO: [ app_begin ] --START--
INFO: Run Behavior\ReadHtmlCacheBehavior [ RunTime:0.000356s ]
INFO: [ app_begin ] --END-- [ RunTime:0.000412s ]
INFO: [ app_end ] --START--
INFO: Run Behavior\ShowPageTraceBehavior [ RunTime:0.000363s ]
INFO: [ app_end ] --END-- [ RunTime:0.000422s ]

[ 2016-12-23T23:57:31+08:00 ] 123.151.40.34 /index.php/home/my/chat?code=011snF770xSHQI1H8i770MmK770snF7d&state=1
INFO: [ app_init ] --START--
INFO: Run Behavior\BuildLiteBehavior [ RunTime:0.000013s ]
INFO: [ app_init ] --END-- [ RunTime:0.000328s ]
INFO: [ app_begin ] --START--
INFO: Run Behavior\ReadHtmlCacheBehavior [ RunTime:0.000316s ]
INFO: [ app_begin ] --END-- [ RunTime:0.000360s ]
SQL: SHOW COLUMNS FROM `xl_user` [ RunTime:0.0006s ]
SQL: SELECT * FROM `xl_user` WHERE `openid` = 'offLcwdWSmYAcieoTwtw4A7kEDkU' LIMIT 1   [ RunTime:0.0002s ]
NOTIC: [8] Use of undefined constant user - assumed 'user' /var/www/html/Application/Home/Controller/MyController.class.php 第 441 行.
SQL: SELECT * FROM `xl_user` WHERE `openid` = 'offLcwdWSmYAcieoTwtw4A7kEDkU' LIMIT 1   [ RunTime:0.0001s ]
INFO: [ view_parse ] --START--
INFO: [ template_filter ] --START--
INFO: Run Behavior\ContentReplaceBehavior [ RunTime:0.000152s ]
INFO: [ template_filter ] --END-- [ RunTime:0.000215s ]
NOTIC: [8] Undefined variable: regist_username /var/www/html/Application/Runtime/Cache/Home/755cf36b56bc15e9acb6695967d2a347.php 第 1683 行.
NOTIC: [8] Undefined variable: regist_password /var/www/html/Application/Runtime/Cache/Home/755cf36b56bc15e9acb6695967d2a347.php 第 1683 行.
INFO: Run Behavior\ParseTemplateBehavior [ RunTime:0.010157s ]
INFO: [ view_parse ] --END-- [ RunTime:0.010192s ]
INFO: [ view_filter ] --START--
INFO: Run Behavior\WriteHtmlCacheBehavior [ RunTime:0.000123s ]
INFO: [ view_filter ] --END-- [ RunTime:0.000151s ]
INFO: [ app_end ] --START--
INFO: Run Behavior\ShowPageTraceBehavior [ RunTime:0.000396s ]
INFO: [ app_end ] --END-- [ RunTime:0.000434s ]

[ 2016-12-23T23:57:42+08:00 ] 182.254.86.144 /?signature=763bf174ae3ef439b55d191eeb2faa4466dd656b&timestamp=1482508662&nonce=1580249308&openid=offLcwdWSmYAcieoTwtw4A7kEDkU
INFO: [ app_init ] --START--
INFO: Run Behavior\BuildLiteBehavior [ RunTime:0.000019s ]
INFO: [ app_init ] --END-- [ RunTime:0.000364s ]
INFO: [ app_begin ] --START--
INFO: Run Behavior\ReadHtmlCacheBehavior [ RunTime:0.000422s ]
INFO: [ app_begin ] --END-- [ RunTime:0.000476s ]
INFO: [ app_end ] --START--
INFO: Run Behavior\ShowPageTraceBehavior [ RunTime:0.000459s ]
INFO: [ app_end ] --END-- [ RunTime:0.000529s ]

[ 2016-12-23T23:57:43+08:00 ] 123.151.40.34 /index.php/home/my/chat?code=021zCzh31h4LhM1oybf31zFIh31zCzh6&state=1
INFO: [ app_init ] --START--
INFO: Run Behavior\BuildLiteBehavior [ RunTime:0.000023s ]
INFO: [ app_init ] --END-- [ RunTime:0.000330s ]
INFO: [ app_begin ] --START--
INFO: Run Behavior\ReadHtmlCacheBehavior [ RunTime:0.000313s ]
INFO: [ app_begin ] --END-- [ RunTime:0.000352s ]
NOTIC: [8] Use of undefined constant user - assumed 'user' /var/www/html/Application/Home/Controller/MyController.class.php 第 441 行.
SQL: SHOW COLUMNS FROM `xl_user` [ RunTime:0.0006s ]
SQL: SELECT * FROM `xl_user` WHERE `openid` = 'offLcwdWSmYAcieoTwtw4A7kEDkU' LIMIT 1   [ RunTime:0.0002s ]
INFO: [ view_parse ] --START--
INFO: [ template_filter ] --START--
INFO: Run Behavior\ContentReplaceBehavior [ RunTime:0.000198s ]
INFO: [ template_filter ] --END-- [ RunTime:0.000264s ]
NOTIC: [8] Undefined variable: regist_username /var/www/html/Application/Runtime/Cache/Home/755cf36b56bc15e9acb6695967d2a347.php 第 1683 行.
NOTIC: [8] Undefined variable: regist_password /var/www/html/Application/Runtime/Cache/Home/755cf36b56bc15e9acb6695967d2a347.php 第 1683 行.
INFO: Run Behavior\ParseTemplateBehavior [ RunTime:0.011984s ]
INFO: [ view_parse ] --END-- [ RunTime:0.012017s ]
INFO: [ view_filter ] --START--
INFO: Run Behavior\WriteHtmlCacheBehavior [ RunTime:0.000172s ]
INFO: [ view_filter ] --END-- [ RunTime:0.000234s ]
INFO: [ app_end ] --START--
INFO: Run Behavior\ShowPageTraceBehavior [ RunTime:0.000504s ]
INFO: [ app_end ] --END-- [ RunTime:0.000574s ]

[ 2016-12-23T23:57:49+08:00 ] 182.254.86.152 /?signature=f9ebbc53e970303fde8858851018f88f9123267f&timestamp=1482508668&nonce=1049387018&openid=offLcwdWSmYAcieoTwtw4A7kEDkU
INFO: [ app_init ] --START--
INFO: Run Behavior\BuildLiteBehavior [ RunTime:0.000019s ]
INFO: [ app_init ] --END-- [ RunTime:0.000394s ]
INFO: [ app_begin ] --START--
INFO: Run Behavior\ReadHtmlCacheBehavior [ RunTime:0.000474s ]
INFO: [ app_begin ] --END-- [ RunTime:0.000535s ]
INFO: [ app_end ] --START--
INFO: Run Behavior\ShowPageTraceBehavior [ RunTime:0.000484s ]
INFO: [ app_end ] --END-- [ RunTime:0.000570s ]

[ 2016-12-23T23:57:49+08:00 ] 123.151.40.34 /index.php/home/my/chat?code=031KBPlw1Ro6Nc0IN0mw1KAXlw1KBPl-&state=1
INFO: [ app_init ] --START--
INFO: Run Behavior\BuildLiteBehavior [ RunTime:0.000018s ]
INFO: [ app_init ] --END-- [ RunTime:0.000369s ]
INFO: [ app_begin ] --START--
INFO: Run Behavior\ReadHtmlCacheBehavior [ RunTime:0.000388s ]
INFO: [ app_begin ] --END-- [ RunTime:0.000469s ]
NOTIC: [8] Use of undefined constant user - assumed 'user' /var/www/html/Application/Home/Controller/MyController.class.php 第 441 行.
SQL: SHOW COLUMNS FROM `xl_user` [ RunTime:0.0007s ]
SQL: SELECT * FROM `xl_user` WHERE `openid` = 'offLcwdWSmYAcieoTwtw4A7kEDkU' LIMIT 1   [ RunTime:0.0002s ]
INFO: [ view_parse ] --START--
INFO: [ template_filter ] --START--
INFO: Run Behavior\ContentReplaceBehavior [ RunTime:0.000158s ]
INFO: [ template_filter ] --END-- [ RunTime:0.000235s ]
NOTIC: [8] Undefined variable: regist_username /var/www/html/Application/Runtime/Cache/Home/755cf36b56bc15e9acb6695967d2a347.php 第 1683 行.
NOTIC: [8] Undefined variable: regist_password /var/www/html/Application/Runtime/Cache/Home/755cf36b56bc15e9acb6695967d2a347.php 第 1683 行.
INFO: Run Behavior\ParseTemplateBehavior [ RunTime:0.014252s ]
INFO: [ view_parse ] --END-- [ RunTime:0.014297s ]
INFO: [ view_filter ] --START--
INFO: Run Behavior\WriteHtmlCacheBehavior [ RunTime:0.000156s ]
INFO: [ view_filter ] --END-- [ RunTime:0.000195s ]
INFO: [ app_end ] --START--
INFO: Run Behavior\ShowPageTraceBehavior [ RunTime:0.000555s ]
INFO: [ app_end ] --END-- [ RunTime:0.000605s ]

