[ 2016-12-10T19:11:54+08:00 ] 127.0.0.1 /home/match/select
INFO: [ app_init ] --START--
INFO: Run Behavior\BuildLiteBehavior [ RunTime:0.000015s ]
INFO: [ app_init ] --END-- [ RunTime:0.080550s ]
INFO: [ app_begin ] --START--
INFO: Run Behavior\ReadHtmlCacheBehavior [ RunTime:0.013581s ]
INFO: [ app_begin ] --END-- [ RunTime:0.014094s ]
INFO: [ view_parse ] --START--
INFO: [ template_filter ] --START--
INFO: Run Behavior\ContentReplaceBehavior [ RunTime:0.000182s ]
INFO: [ template_filter ] --END-- [ RunTime:0.000312s ]
INFO: Run Behavior\ParseTemplateBehavior [ RunTime:0.093968s ]
INFO: [ view_parse ] --END-- [ RunTime:0.094040s ]
INFO: [ view_filter ] --START--
INFO: Run Behavior\WriteHtmlCacheBehavior [ RunTime:0.008882s ]
INFO: [ view_filter ] --END-- [ RunTime:0.008949s ]
INFO: [ app_end ] --START--
INFO: Run Behavior\ShowPageTraceBehavior [ RunTime:0.016438s ]
INFO: [ app_end ] --END-- [ RunTime:0.016504s ]

[ 2016-12-10T19:12:03+08:00 ] 127.0.0.1 /home/user/register
INFO: [ app_init ] --START--
INFO: Run Behavior\BuildLiteBehavior [ RunTime:0.000016s ]
INFO: [ app_init ] --END-- [ RunTime:0.000299s ]
INFO: [ app_begin ] --START--
INFO: Run Behavior\ReadHtmlCacheBehavior [ RunTime:0.000359s ]
INFO: [ app_begin ] --END-- [ RunTime:0.000400s ]
INFO: [ view_parse ] --START--
INFO: [ template_filter ] --START--
INFO: Run Behavior\ContentReplaceBehavior [ RunTime:0.000073s ]
INFO: [ template_filter ] --END-- [ RunTime:0.000124s ]
INFO: Run Behavior\ParseTemplateBehavior [ RunTime:0.032050s ]
INFO: [ view_parse ] --END-- [ RunTime:0.032118s ]
INFO: [ view_filter ] --START--
INFO: Run Behavior\WriteHtmlCacheBehavior [ RunTime:0.000206s ]
INFO: [ view_filter ] --END-- [ RunTime:0.000240s ]
INFO: [ app_end ] --START--
INFO: Run Behavior\ShowPageTraceBehavior [ RunTime:0.000481s ]
INFO: [ app_end ] --END-- [ RunTime:0.000551s ]

[ 2016-12-10T19:12:50+08:00 ] 127.0.0.1 /home/user/register
INFO: [ app_init ] --START--
INFO: Run Behavior\BuildLiteBehavior [ RunTime:0.000014s ]
INFO: [ app_init ] --END-- [ RunTime:0.000329s ]
INFO: [ app_begin ] --START--
INFO: Run Behavior\ReadHtmlCacheBehavior [ RunTime:0.000413s ]
INFO: [ app_begin ] --END-- [ RunTime:0.000463s ]
INFO: [ view_parse ] --START--
INFO: [ template_filter ] --START--
INFO: Run Behavior\ContentReplaceBehavior [ RunTime:0.000087s ]
INFO: [ template_filter ] --END-- [ RunTime:0.000146s ]
INFO: Run Behavior\ParseTemplateBehavior [ RunTime:0.005849s ]
INFO: [ view_parse ] --END-- [ RunTime:0.005933s ]
INFO: [ view_filter ] --START--
INFO: Run Behavior\WriteHtmlCacheBehavior [ RunTime:0.000270s ]
INFO: [ view_filter ] --END-- [ RunTime:0.000326s ]
INFO: [ app_end ] --START--
INFO: Run Behavior\ShowPageTraceBehavior [ RunTime:0.000648s ]
INFO: [ app_end ] --END-- [ RunTime:0.000729s ]

[ 2016-12-10T19:13:25+08:00 ] 127.0.0.1 /home/user/login
INFO: [ app_init ] --START--
INFO: Run Behavior\BuildLiteBehavior [ RunTime:0.000011s ]
INFO: [ app_init ] --END-- [ RunTime:0.000299s ]
INFO: [ app_begin ] --START--
INFO: Run Behavior\ReadHtmlCacheBehavior [ RunTime:0.000374s ]
INFO: [ app_begin ] --END-- [ RunTime:0.000437s ]
SQL: SHOW COLUMNS FROM `xl_user` [ RunTime:0.0199s ]
SQL: SELECT `openid` FROM `xl_user` LIMIT 1   [ RunTime:0.0002s ]
ERR: 1364:Field 'uniid' doesn't have a default value
 [ SQL语句 ] : INSERT INTO `xl_user` (`college`,`name`,`sex`,`phonenumber`,`sno`) VALUES ('河北师范大学','孙媳弄了','男','1233','2014011875')
ERR: 1364:Field 'uniid' doesn't have a default value
 [ SQL语句 ] : INSERT INTO `xl_user` (`college`,`name`,`sex`,`phonenumber`,`sno`) VALUES ('河北师范大学','孙媳弄了','男','1233','2014011875')

[ 2016-12-10T19:13:51+08:00 ] 127.0.0.1 /home/user/register
INFO: [ app_init ] --START--
INFO: Run Behavior\BuildLiteBehavior [ RunTime:0.000013s ]
INFO: [ app_init ] --END-- [ RunTime:0.000406s ]
INFO: [ app_begin ] --START--
INFO: Run Behavior\ReadHtmlCacheBehavior [ RunTime:0.000376s ]
INFO: [ app_begin ] --END-- [ RunTime:0.000417s ]
INFO: [ view_parse ] --START--
INFO: [ template_filter ] --START--
INFO: Run Behavior\ContentReplaceBehavior [ RunTime:0.000080s ]
INFO: [ template_filter ] --END-- [ RunTime:0.000139s ]
INFO: Run Behavior\ParseTemplateBehavior [ RunTime:0.006235s ]
INFO: [ view_parse ] --END-- [ RunTime:0.006292s ]
INFO: [ view_filter ] --START--
INFO: Run Behavior\WriteHtmlCacheBehavior [ RunTime:0.000210s ]
INFO: [ view_filter ] --END-- [ RunTime:0.000245s ]
INFO: [ app_end ] --START--
INFO: Run Behavior\ShowPageTraceBehavior [ RunTime:0.000437s ]
INFO: [ app_end ] --END-- [ RunTime:0.000495s ]

[ 2016-12-10T19:14:39+08:00 ] 127.0.0.1 /home/user/login
INFO: [ app_init ] --START--
INFO: Run Behavior\BuildLiteBehavior [ RunTime:0.000012s ]
INFO: [ app_init ] --END-- [ RunTime:0.000333s ]
INFO: [ app_begin ] --START--
INFO: Run Behavior\ReadHtmlCacheBehavior [ RunTime:0.000502s ]
INFO: [ app_begin ] --END-- [ RunTime:0.000546s ]
SQL: SHOW COLUMNS FROM `xl_user` [ RunTime:0.0010s ]
SQL: SELECT `openid` FROM `xl_user` LIMIT 1   [ RunTime:0.0002s ]
ERR: 1364:Field 'uniid' doesn't have a default value
 [ SQL语句 ] : INSERT INTO `xl_user` (`college`,`name`,`sex`,`phonenumber`,`sno`) VALUES ('河北师范大学','孙慈','男','123456','2014011875')
ERR: 1364:Field 'uniid' doesn't have a default value
 [ SQL语句 ] : INSERT INTO `xl_user` (`college`,`name`,`sex`,`phonenumber`,`sno`) VALUES ('河北师范大学','孙慈','男','123456','2014011875')

[ 2016-12-10T19:15:31+08:00 ] 127.0.0.1 /home/user/login
INFO: [ app_init ] --START--
INFO: Run Behavior\BuildLiteBehavior [ RunTime:0.000016s ]
INFO: [ app_init ] --END-- [ RunTime:0.001273s ]
INFO: [ app_begin ] --START--
INFO: Run Behavior\ReadHtmlCacheBehavior [ RunTime:0.000788s ]
INFO: [ app_begin ] --END-- [ RunTime:0.000859s ]
SQL: SHOW COLUMNS FROM `xl_user` [ RunTime:0.0008s ]
SQL: SELECT `openid` FROM `xl_user` LIMIT 1   [ RunTime:0.0004s ]
ERR: 1364:Field 'regist_username' doesn't have a default value
 [ SQL语句 ] : INSERT INTO `xl_user` (`college`,`name`,`sex`,`phonenumber`,`sno`) VALUES ('河北师范大学','孙慈','男','123456','2014011875')
ERR: 1364:Field 'regist_username' doesn't have a default value
 [ SQL语句 ] : INSERT INTO `xl_user` (`college`,`name`,`sex`,`phonenumber`,`sno`) VALUES ('河北师范大学','孙慈','男','123456','2014011875')

[ 2016-12-10T19:16:11+08:00 ] 127.0.0.1 /home/user/login
INFO: [ app_init ] --START--
INFO: Run Behavior\BuildLiteBehavior [ RunTime:0.000012s ]
INFO: [ app_init ] --END-- [ RunTime:0.000313s ]
INFO: [ app_begin ] --START--
INFO: Run Behavior\ReadHtmlCacheBehavior [ RunTime:0.000571s ]
INFO: [ app_begin ] --END-- [ RunTime:0.000647s ]
SQL: SHOW COLUMNS FROM `xl_user` [ RunTime:0.0008s ]
SQL: SELECT `openid` FROM `xl_user` LIMIT 1   [ RunTime:0.0002s ]
ERR: 1364:Field 'regist_username' doesn't have a default value
 [ SQL语句 ] : INSERT INTO `xl_user` (`college`,`name`,`sex`,`phonenumber`,`sno`) VALUES ('河北师范大学','孙慈','男','123456','2014011875')
ERR: 1364:Field 'regist_username' doesn't have a default value
 [ SQL语句 ] : INSERT INTO `xl_user` (`college`,`name`,`sex`,`phonenumber`,`sno`) VALUES ('河北师范大学','孙慈','男','123456','2014011875')

