[ 2016-12-19T17:16:40+08:00 ] 127.0.0.1 /index.php/home/my/chat
INFO: [ app_init ] --START--
INFO: Run Behavior\BuildLiteBehavior [ RunTime:0.000018s ]
INFO: [ app_init ] --END-- [ RunTime:0.014724s ]
INFO: [ app_begin ] --START--
INFO: Run Behavior\ReadHtmlCacheBehavior [ RunTime:0.009667s ]
INFO: [ app_begin ] --END-- [ RunTime:0.009761s ]
SQL: SHOW COLUMNS FROM `xl_user` [ RunTime:0.0151s ]
SQL: SELECT * FROM `xl_user` WHERE `openid` = 'offLcwdWSmYAcieoTwtw4A7kEDkU' LIMIT 1   [ RunTime:0.0180s ]
INFO: [ view_parse ] --START--
INFO: [ template_filter ] --START--
INFO: Run Behavior\ContentReplaceBehavior [ RunTime:0.000739s ]
INFO: [ template_filter ] --END-- [ RunTime:0.000814s ]
INFO: Run Behavior\ParseTemplateBehavior [ RunTime:0.114519s ]
INFO: [ view_parse ] --END-- [ RunTime:0.114728s ]
INFO: [ view_filter ] --START--
INFO: Run Behavior\WriteHtmlCacheBehavior [ RunTime:0.021812s ]
INFO: [ view_filter ] --END-- [ RunTime:0.021884s ]
INFO: [ app_end ] --START--
INFO: Run Behavior\ShowPageTraceBehavior [ RunTime:0.027088s ]
INFO: [ app_end ] --END-- [ RunTime:0.027208s ]

[ 2016-12-19T18:50:44+08:00 ] 127.0.0.1 /index.php/home/my/index
INFO: [ app_init ] --START--
INFO: Run Behavior\BuildLiteBehavior [ RunTime:0.000019s ]
INFO: [ app_init ] --END-- [ RunTime:0.022107s ]
INFO: [ app_begin ] --START--
INFO: Run Behavior\ReadHtmlCacheBehavior [ RunTime:0.008858s ]
INFO: [ app_begin ] --END-- [ RunTime:0.008935s ]
SQL: SHOW COLUMNS FROM `xl_match` [ RunTime:0.0208s ]
SQL: SHOW COLUMNS FROM `xl_tempresult` [ RunTime:0.0157s ]
SQL: SELECT * FROM `xl_match` WHERE `fid` = 17 AND `tag` = 0  [ RunTime:0.0168s ]
SQL: SELECT * FROM `xl_tempresult` WHERE ( id=17 )  [ RunTime:0.0174s ]
INFO: [ view_parse ] --START--
INFO: [ template_filter ] --START--
INFO: Run Behavior\ContentReplaceBehavior [ RunTime:0.013621s ]
INFO: [ template_filter ] --END-- [ RunTime:0.013694s ]
INFO: Run Behavior\ParseTemplateBehavior [ RunTime:0.139821s ]
INFO: [ view_parse ] --END-- [ RunTime:0.139905s ]
INFO: [ view_filter ] --START--
INFO: Run Behavior\WriteHtmlCacheBehavior [ RunTime:0.011300s ]
INFO: [ view_filter ] --END-- [ RunTime:0.011368s ]
INFO: [ app_end ] --START--
INFO: Run Behavior\ShowPageTraceBehavior [ RunTime:0.016693s ]
INFO: [ app_end ] --END-- [ RunTime:0.016791s ]

